{"name": "Проверка успешного открытия окна с деталями заказа на 'Ленте заказов'", "status": "broken", "statusDetails": {"message": "selenium.common.exceptions.TimeoutException: Message: \nStacktrace:\n\tGetHandleVerifier [0x00007FF73D65CC05+28741]\n\t(No symbol) [0x00007FF73D5BFED0]\n\t(No symbol) [0x00007FF73D454FBA]\n\t(No symbol) [0x00007FF73D4A9256]\n\t(No symbol) [0x00007FF73D4A948C]\n\t(No symbol) [0x00007FF73D4F3267]\n\t(No symbol) [0x00007FF73D4CFE6F]\n\t(No symbol) [0x00007FF73D4EFFE1]\n\t(No symbol) [0x00007FF73D4CFBD3]\n\t(No symbol) [0x00007FF73D499F43]\n\t(No symbol) [0x00007FF73D49B2D1]\n\tGetHandleVerifier [0x00007FF73D98DE3D+3375741]\n\tGetHandleVerifier [0x00007FF73D9A096A+3452330]\n\tGetHandleVerifier [0x00007FF73D99671D+3410781]\n\tGetHandleVerifier [0x00007FF73D72653B+854395]\n\t(No symbol) [0x00007FF73D5CBE0F]\n\t(No symbol) [0x00007FF73D5C7714]\n\t(No symbol) [0x00007FF73D5C78AD]\n\t(No symbol) [0x00007FF73D5B6189]\n\tBaseThreadInitThunk [0x00007FFA81657374+20]\n\tRtlUserThreadStart [0x00007FFA81D3CC91+33]", "trace": "self = <tests.test_order_page.TestOrderPage object at 0x0000026A1A9776B0>, driver = <selenium.webdriver.chrome.webdriver.WebDriver (session=\"f690753e0a43dfee7ba90155c4ccd95f\")>\n\n    @allure.title(\"Проверка успешного открытия окна с деталями заказа на 'Ленте заказов'\")\n    @allure.description(\"Проверка успешного перехода по кнопке 'Конструктор' в шапке сайта\")\n    def test_open_detail_order_window_success(self, driver):\n        main_page = MainPage(driver)\n        main_page.open()\n        main_page.click_list_order_button()\n        order_page = OrderPage(driver)\n>       order_page.click_order_card()\n\ntests\\test_order_page.py:15: \n_ _ _ _ _ _ _ _ _ _ _ _ _ _ _ _ _ _ _ _ _ _ _ _ _ _ _ _ _ _ _ _ _ _ _ _ _ _ _ _ _ _ _ _ _ _ _ _ _ _ _ _ _ _ _ _ _ _ _ _ _ _ _ _ _ _ _ _ _ _ _ _ _ _ _ _ _ _ _ _ _ _ _ _ _ _ _ _ _ _ _ _ \npages\\order_page.py:11: in click_order_card\n    order_card = self.wait_and_find_element(OrderPageLocators.ORDER_CARD)\npages\\base_page.py:11: in wait_and_find_element\n    WebDriverWait(self.driver, 5).until(expected_conditions.visibility_of_element_located(locator))\n_ _ _ _ _ _ _ _ _ _ _ _ _ _ _ _ _ _ _ _ _ _ _ _ _ _ _ _ _ _ _ _ _ _ _ _ _ _ _ _ _ _ _ _ _ _ _ _ _ _ _ _ _ _ _ _ _ _ _ _ _ _ _ _ _ _ _ _ _ _ _ _ _ _ _ _ _ _ _ _ _ _ _ _ _ _ _ _ _ _ _ _ \n\nself = <selenium.webdriver.support.wait.WebDriverWait (session=\"f690753e0a43dfee7ba90155c4ccd95f\")>\nmethod = <function visibility_of_element_located.<locals>._predicate at 0x0000026A1AC423E0>, message = ''\n\n    def until(self, method: Callable[[D], Union[Literal[False], T]], message: str = \"\") -> T:\n        \"\"\"Calls the method provided with the driver as an argument until the \\\n        return value does not evaluate to ``False``.\n    \n        :param method: callable(WebDriver)\n        :param message: optional message for :exc:`TimeoutException`\n        :returns: the result of the last call to `method`\n        :raises: :exc:`selenium.common.exceptions.TimeoutException` if timeout occurs\n        \"\"\"\n        screen = None\n        stacktrace = None\n    \n        end_time = time.monotonic() + self._timeout\n        while True:\n            try:\n                value = method(self._driver)\n                if value:\n                    return value\n            except self._ignored_exceptions as exc:\n                screen = getattr(exc, \"screen\", None)\n                stacktrace = getattr(exc, \"stacktrace\", None)\n            if time.monotonic() > end_time:\n                break\n            time.sleep(self._poll)\n>       raise TimeoutException(message, screen, stacktrace)\nE       selenium.common.exceptions.TimeoutException: Message: \nE       Stacktrace:\nE       \tGetHandleVerifier [0x00007FF73D65CC05+28741]\nE       \t(No symbol) [0x00007FF73D5BFED0]\nE       \t(No symbol) [0x00007FF73D454FBA]\nE       \t(No symbol) [0x00007FF73D4A9256]\nE       \t(No symbol) [0x00007FF73D4A948C]\nE       \t(No symbol) [0x00007FF73D4F3267]\nE       \t(No symbol) [0x00007FF73D4CFE6F]\nE       \t(No symbol) [0x00007FF73D4EFFE1]\nE       \t(No symbol) [0x00007FF73D4CFBD3]\nE       \t(No symbol) [0x00007FF73D499F43]\nE       \t(No symbol) [0x00007FF73D49B2D1]\nE       \tGetHandleVerifier [0x00007FF73D98DE3D+3375741]\nE       \tGetHandleVerifier [0x00007FF73D9A096A+3452330]\nE       \tGetHandleVerifier [0x00007FF73D99671D+3410781]\nE       \tGetHandleVerifier [0x00007FF73D72653B+854395]\nE       \t(No symbol) [0x00007FF73D5CBE0F]\nE       \t(No symbol) [0x00007FF73D5C7714]\nE       \t(No symbol) [0x00007FF73D5C78AD]\nE       \t(No symbol) [0x00007FF73D5B6189]\nE       \tBaseThreadInitThunk [0x00007FFA81657374+20]\nE       \tRtlUserThreadStart [0x00007FFA81D3CC91+33]\n\n..\\.venv\\Lib\\site-packages\\selenium\\webdriver\\support\\wait.py:105: TimeoutException"}, "description": "Проверка успешного перехода по кнопке 'Конструктор' в шапке сайта", "steps": [{"name": "Открытие в браузере страницы 'Stellar Burger'", "status": "passed", "start": 1737579302909, "stop": 1737579305997}, {"name": "Клик по кнопке 'Лента заказов' в шапке страницы", "status": "passed", "start": 1737579305997, "stop": 1737579306055}, {"name": "Открытие окна с деталями заказа кликом по карточке заказа", "status": "broken", "statusDetails": {"message": "selenium.common.exceptions.TimeoutException: Message: \nStacktrace:\n\tGetHandleVerifier [0x00007FF73D65CC05+28741]\n\t(No symbol) [0x00007FF73D5BFED0]\n\t(No symbol) [0x00007FF73D454FBA]\n\t(No symbol) [0x00007FF73D4A9256]\n\t(No symbol) [0x00007FF73D4A948C]\n\t(No symbol) [0x00007FF73D4F3267]\n\t(No symbol) [0x00007FF73D4CFE6F]\n\t(No symbol) [0x00007FF73D4EFFE1]\n\t(No symbol) [0x00007FF73D4CFBD3]\n\t(No symbol) [0x00007FF73D499F43]\n\t(No symbol) [0x00007FF73D49B2D1]\n\tGetHandleVerifier [0x00007FF73D98DE3D+3375741]\n\tGetHandleVerifier [0x00007FF73D9A096A+3452330]\n\tGetHandleVerifier [0x00007FF73D99671D+3410781]\n\tGetHandleVerifier [0x00007FF73D72653B+854395]\n\t(No symbol) [0x00007FF73D5CBE0F]\n\t(No symbol) [0x00007FF73D5C7714]\n\t(No symbol) [0x00007FF73D5C78AD]\n\t(No symbol) [0x00007FF73D5B6189]\n\tBaseThreadInitThunk [0x00007FFA81657374+20]\n\tRtlUserThreadStart [0x00007FFA81D3CC91+33]\n\n", "trace": "  File \"C:\\Users\\User\\PycharmProjects\\Diplom\\.venv\\Lib\\site-packages\\allure_commons\\_allure.py\", line 192, in impl\n    return func(*a, **kw)\n           ^^^^^^^^^^^^^^\n  File \"C:\\Users\\User\\PycharmProjects\\Diplom\\Diplom3\\pages\\order_page.py\", line 11, in click_order_card\n    order_card = self.wait_and_find_element(OrderPageLocators.ORDER_CARD)\n                 ^^^^^^^^^^^^^^^^^^^^^^^^^^^^^^^^^^^^^^^^^^^^^^^^^^^^^^^^\n  File \"C:\\Users\\User\\PycharmProjects\\Diplom\\Diplom3\\pages\\base_page.py\", line 11, in wait_and_find_element\n    WebDriverWait(self.driver, 5).until(expected_conditions.visibility_of_element_located(locator))\n  File \"C:\\Users\\User\\PycharmProjects\\Diplom\\.venv\\Lib\\site-packages\\selenium\\webdriver\\support\\wait.py\", line 105, in until\n    raise TimeoutException(message, screen, stacktrace)\n"}, "start": 1737579306056, "stop": 1737579311221}], "parameters": [{"name": "driver", "value": "'chrome'"}], "start": 1737579302908, "stop": 1737579311227, "uuid": "c058f8e5-7710-491c-8881-95523f94bf9b", "historyId": "cc08ae36ff37896f6ad88ed778a0d286", "testCaseId": "dd65d3ae257c796ca9881489cb0ab656", "fullName": "tests.test_order_page.TestOrderPage#test_open_detail_order_window_success", "labels": [{"name": "parentSuite", "value": "tests"}, {"name": "suite", "value": "test_order_page"}, {"name": "subSuite", "value": "TestOrderPage"}, {"name": "host", "value": "01ms32"}, {"name": "thread", "value": "18756-MainThread"}, {"name": "framework", "value": "pytest"}, {"name": "language", "value": "cpython3"}, {"name": "package", "value": "tests.test_order_page"}]}