{"name": "Проверка изменения количества ингредиента в счётчике при добавлении ингредиента в бургер", "status": "failed", "statusDetails": {"message": "AssertionError: assert ('0' == '0'\n  \n    0 and '0' == '2'\n  \n  - 2\n  + 0)", "trace": "self = <tests.test_main_page.TestMainPage object at 0x000001A449973110>, driver = <selenium.webdriver.chrome.webdriver.WebDriver (session=\"3d20a0a4dc03b260d0652dff7d7a6883\")>\n\n    @allure.title(\"Проверка изменения количества ингредиента в счётчике при добавлении ингредиента в бургер\")\n    @allure.description(\"Проверка изменения счётчика ингредиента при добавлении его в конструктор бургера\")\n    def test_change_counter_add_constructor_success(self, driver):\n        main_page = MainPage(driver)\n        main_page.open()\n        count_before = main_page.get_count_ingredient()\n        main_page.add_bun_in_order()\n        count_after = main_page.get_count_ingredient()\n>       assert count_before == '0' and count_after == '2'\nE       AssertionError: assert ('0' == '0'\nE         \nE           0 and '0' == '2'\nE         \nE         - 2\nE         + 0)\n\ntests\\test_main_page.py:55: AssertionError"}, "description": "Проверка изменения счётчика ингредиента при добавлении его в конструктор бургера", "steps": [{"name": "Открытие в браузере страницы 'Stellar Burger'", "status": "passed", "start": 1737450911013, "stop": 1737450911181}, {"name": "Получение количества ингредиентов из счётчика", "status": "passed", "start": 1737450911181, "stop": 1737450911772}, {"name": "Перемещение булки в зону создания бургера", "status": "passed", "start": 1737450911772, "stop": 1737450911818}, {"name": "Получение количества ингредиентов из счётчика", "status": "passed", "start": 1737450911818, "stop": 1737450911839}], "parameters": [{"name": "driver", "value": "'chrome'"}], "start": 1737450911013, "stop": 1737450911839, "uuid": "f389b3d1-91ad-4463-8e59-7715f5f23c36", "historyId": "8d15a462f7785300a34c1651eeaa0a66", "testCaseId": "3e2eb7c7267bbeb412ee45e9db6f6e65", "fullName": "tests.test_main_page.TestMainPage#test_change_counter_add_constructor_success", "labels": [{"name": "parentSuite", "value": "tests"}, {"name": "suite", "value": "test_main_page"}, {"name": "subSuite", "value": "TestMainPage"}, {"name": "host", "value": "01ms32"}, {"name": "thread", "value": "25784-MainThread"}, {"name": "framework", "value": "pytest"}, {"name": "language", "value": "cpython3"}, {"name": "package", "value": "tests.test_main_page"}]}