{"name": "Проверка появления номера нового заказа на экране 'Лента заказов'", "status": "broken", "statusDetails": {"message": "selenium.common.exceptions.TimeoutException: Message: \nStacktrace:\nRemoteError@chrome://remote/content/shared/RemoteError.sys.mjs:8:8\nWebDriverError@chrome://remote/content/shared/webdriver/Errors.sys.mjs:193:5\nNoSuchElementError@chrome://remote/content/shared/webdriver/Errors.sys.mjs:511:5\ndom.find/</<@chrome://remote/content/shared/DOM.sys.mjs:136:16", "trace": "self = <tests.test_order_page.TestOrderPage object at 0x00000187391A4350>, driver = <selenium.webdriver.firefox.webdriver.WebDriver (session=\"d12bc597-7dec-400f-908d-a3f94583c396\")>\ndefault_user = {'access_token': 'Bearer eyJhbGciOiJIUzI1NiIsInR5cCI6IkpXVCJ9.eyJpZCI6IjY3OTE1ZTM3OWVkMjgwMDAxYjU1ODY2OSIsImlhdCI6MTcz...ata': {'email': 'naqvw@myandex.ru', 'name': 'zvyicjrajr', 'password': 'kjkkihlsqk'}, 'user_response': <Response [200]>}\n\n    @allure.title(\"Проверка появления номера нового заказа на экране 'Лента заказов'\")\n    @allure.description(\"Создаём заказ и проверяем, что его номер появляется среди всех заказов на странице 'Лента заказов'\")\n    def test_order_in_order_list_success(self, driver, default_user):\n        # Создаём и авторизуем нового пользователя\n        user_data = default_user ['user_data']\n        main_page = MainPage(driver)\n        main_page.open()\n        email = main_page.get_user_email(user_data)\n        password = main_page.get_user_password(user_data)\n        main_page.click_account_button()\n    \n        personal_account_page = PersonalAccountPage(driver)\n        personal_account_page.set_email(email)\n        personal_account_page.set_password(password)\n        personal_account_page.click_enter_button()\n        main_page.find_main_page_title()\n        # Создаём заказ бургера с булкой соусом и мясом\n        main_page.add_bun_in_order()\n        main_page.add_sauce_in_order()\n        main_page.add_meat_in_order()\n        main_page.click_create_order_button()\n        main_page.click_order_card_x_button()\n        # Переходим на экран \"История заказов\" и получаем номер последнего заказа\n        main_page.find_main_page_title()\n        main_page.click_account_button()\n        personal_account_page.click_order_history_btn()\n>       order_number = personal_account_page.get_order_number()\n\ntests\\test_order_page.py:44: \n_ _ _ _ _ _ _ _ _ _ _ _ _ _ _ _ _ _ _ _ _ _ _ _ _ _ _ _ _ _ _ _ _ _ _ _ _ _ _ _ _ _ _ _ _ _ _ _ _ _ _ _ _ _ _ _ _ _ _ _ _ _ _ _ _ _ _ _ _ _ _ _ _ _ _ _ _ _ _ _ _ _ _ _ _ _ _ _ _ _ _ _ \npages\\personal_account_page.py:35: in get_order_number\n    element = self.wait_and_find_element(PersonalAccountLocators.ORDER_NUMBER_IN_HISTORY)\npages\\base_page.py:11: in wait_and_find_element\n    WebDriverWait(self.driver, 5).until(expected_conditions.visibility_of_element_located(locator))\n_ _ _ _ _ _ _ _ _ _ _ _ _ _ _ _ _ _ _ _ _ _ _ _ _ _ _ _ _ _ _ _ _ _ _ _ _ _ _ _ _ _ _ _ _ _ _ _ _ _ _ _ _ _ _ _ _ _ _ _ _ _ _ _ _ _ _ _ _ _ _ _ _ _ _ _ _ _ _ _ _ _ _ _ _ _ _ _ _ _ _ _ \n\nself = <selenium.webdriver.support.wait.WebDriverWait (session=\"d12bc597-7dec-400f-908d-a3f94583c396\")>\nmethod = <function visibility_of_element_located.<locals>._predicate at 0x000001873922DDA0>, message = ''\n\n    def until(self, method: Callable[[D], Union[Literal[False], T]], message: str = \"\") -> T:\n        \"\"\"Calls the method provided with the driver as an argument until the \\\n        return value does not evaluate to ``False``.\n    \n        :param method: callable(WebDriver)\n        :param message: optional message for :exc:`TimeoutException`\n        :returns: the result of the last call to `method`\n        :raises: :exc:`selenium.common.exceptions.TimeoutException` if timeout occurs\n        \"\"\"\n        screen = None\n        stacktrace = None\n    \n        end_time = time.monotonic() + self._timeout\n        while True:\n            try:\n                value = method(self._driver)\n                if value:\n                    return value\n            except self._ignored_exceptions as exc:\n                screen = getattr(exc, \"screen\", None)\n                stacktrace = getattr(exc, \"stacktrace\", None)\n            if time.monotonic() > end_time:\n                break\n            time.sleep(self._poll)\n>       raise TimeoutException(message, screen, stacktrace)\nE       selenium.common.exceptions.TimeoutException: Message: \nE       Stacktrace:\nE       RemoteError@chrome://remote/content/shared/RemoteError.sys.mjs:8:8\nE       WebDriverError@chrome://remote/content/shared/webdriver/Errors.sys.mjs:193:5\nE       NoSuchElementError@chrome://remote/content/shared/webdriver/Errors.sys.mjs:511:5\nE       dom.find/</<@chrome://remote/content/shared/DOM.sys.mjs:136:16\n\n..\\.venv\\Lib\\site-packages\\selenium\\webdriver\\support\\wait.py:105: TimeoutException"}, "description": "Создаём заказ и проверяем, что его номер появляется среди всех заказов на странице 'Лента заказов'", "steps": [{"name": "Открытие в браузере страницы 'Stellar Burger'", "status": "passed", "start": 1737580088532, "stop": 1737580088736}, {"name": "Получение эмейла для авторизации из сгенерированных данных", "status": "passed", "parameters": [{"name": "user_response", "value": "{'email': 'naqvw@myandex.ru', 'password': 'kjkkihlsqk', 'name': 'zvyicjrajr'}"}], "start": 1737580088736, "stop": 1737580088737}, {"name": "Получение пароля для авторизации из сгенерированных данных", "status": "passed", "parameters": [{"name": "user_response", "value": "{'email': 'naqvw@myandex.ru', 'password': 'kjkkihlsqk', 'name': 'zvyicjrajr'}"}], "start": 1737580088737, "stop": 1737580088737}, {"name": "Клик по кнопке 'Личный кабинет' в шапке страницы", "status": "passed", "start": 1737580088737, "stop": 1737580088918}, {"name": "Ввод почты в поле email", "status": "passed", "parameters": [{"name": "email", "value": "'naqvw@myandex.ru'"}], "start": 1737580088918, "stop": 1737580089061}, {"name": "Ввод пароля в поле 'Пароль'", "status": "passed", "parameters": [{"name": "password", "value": "'kjkkihlsqk'"}], "start": 1737580089061, "stop": 1737580089123}, {"name": "Авторизация кликом по кнопке 'Войти'", "status": "passed", "start": 1737580089123, "stop": 1737580089165}, {"name": "Открытие Главной страницы", "status": "passed", "start": 1737580089165, "stop": 1737580089685}, {"name": "Перемещение булки в зону создания бургера", "status": "passed", "start": 1737580089685, "stop": 1737580089747}, {"name": "Перемещение соуса в зону создания бургера", "status": "passed", "start": 1737580089747, "stop": 1737580089815}, {"name": "Перемещение мяса в зону создания бургера", "status": "passed", "start": 1737580089816, "stop": 1737580089887}, {"name": "Клик по кнопке 'Оформить заказ'", "status": "passed", "start": 1737580089887, "stop": 1737580089946}, {"name": "Клик по кнопке закрытия всплывающего окна", "status": "passed", "start": 1737580089946, "stop": 1737580089978}, {"name": "Открытие Главной страницы", "status": "passed", "start": 1737580089978, "stop": 1737580090013}, {"name": "Клик по кнопке 'Личный кабинет' в шапке страницы", "status": "passed", "start": 1737580090014, "stop": 1737580090083}, {"name": "Клик по кнопке 'История заказов' в Личном кабинете", "status": "passed", "start": 1737580090083, "stop": 1737580090662}, {"name": "Получение номера последнего заказа", "status": "broken", "statusDetails": {"message": "selenium.common.exceptions.TimeoutException: Message: \nStacktrace:\nRemoteError@chrome://remote/content/shared/RemoteError.sys.mjs:8:8\nWebDriverError@chrome://remote/content/shared/webdriver/Errors.sys.mjs:193:5\nNoSuchElementError@chrome://remote/content/shared/webdriver/Errors.sys.mjs:511:5\ndom.find/</<@chrome://remote/content/shared/DOM.sys.mjs:136:16\n\n", "trace": "  File \"C:\\Users\\User\\PycharmProjects\\Diplom\\.venv\\Lib\\site-packages\\allure_commons\\_allure.py\", line 192, in impl\n    return func(*a, **kw)\n           ^^^^^^^^^^^^^^\n  File \"C:\\Users\\User\\PycharmProjects\\Diplom\\Diplom3\\pages\\personal_account_page.py\", line 35, in get_order_number\n    element = self.wait_and_find_element(PersonalAccountLocators.ORDER_NUMBER_IN_HISTORY)\n              ^^^^^^^^^^^^^^^^^^^^^^^^^^^^^^^^^^^^^^^^^^^^^^^^^^^^^^^^^^^^^^^^^^^^^^^^^^^\n  File \"C:\\Users\\User\\PycharmProjects\\Diplom\\Diplom3\\pages\\base_page.py\", line 11, in wait_and_find_element\n    WebDriverWait(self.driver, 5).until(expected_conditions.visibility_of_element_located(locator))\n  File \"C:\\Users\\User\\PycharmProjects\\Diplom\\.venv\\Lib\\site-packages\\selenium\\webdriver\\support\\wait.py\", line 105, in until\n    raise TimeoutException(message, screen, stacktrace)\n"}, "start": 1737580090662, "stop": 1737580095722}], "parameters": [{"name": "driver", "value": "'firefox'"}], "start": 1737580088531, "stop": 1737580095723, "uuid": "d1063cf7-9847-46b3-a7aa-cd051bcf63ee", "historyId": "81cd872b412d3beb2b9b5260aacd50e7", "testCaseId": "503030750ab22cb56dbc72d0c806c1b9", "fullName": "tests.test_order_page.TestOrderPage#test_order_in_order_list_success", "labels": [{"name": "parentSuite", "value": "tests"}, {"name": "suite", "value": "test_order_page"}, {"name": "subSuite", "value": "TestOrderPage"}, {"name": "host", "value": "01ms32"}, {"name": "thread", "value": "24448-MainThread"}, {"name": "framework", "value": "pytest"}, {"name": "language", "value": "cpython3"}, {"name": "package", "value": "tests.test_order_page"}]}