{"name": "Проверка появления номера нового заказа на экране 'Лента заказов' в разделе 'В работе'", "status": "broken", "statusDetails": {"message": "selenium.common.exceptions.TimeoutException: Message: \nStacktrace:\n\tGetHandleVerifier [0x00007FF7036FFBE5+28741]\n\t(No symbol) [0x00007FF703667890]\n\t(No symbol) [0x00007FF703504FDA]\n\t(No symbol) [0x00007FF703559322]\n\t(No symbol) [0x00007FF70355954C]\n\t(No symbol) [0x00007FF7035A3337]\n\t(No symbol) [0x00007FF70357FF4F]\n\t(No symbol) [0x00007FF7035A00B4]\n\t(No symbol) [0x00007FF70357FCB3]\n\t(No symbol) [0x00007FF703549FB3]\n\t(No symbol) [0x00007FF70354B331]\n\tGetHandleVerifier [0x00007FF703A3A73D+3414941]\n\tGetHandleVerifier [0x00007FF703A4E64A+3496618]\n\tGetHandleVerifier [0x00007FF703A4413D+3454365]\n\tGetHandleVerifier [0x00007FF7037C848B+850155]\n\t(No symbol) [0x00007FF7036737FF]\n\t(No symbol) [0x00007FF70366F0C4]\n\t(No symbol) [0x00007FF70366F25D]\n\t(No symbol) [0x00007FF70365E079]\n\tBaseThreadInitThunk [0x00007FFA81657374+20]\n\tRtlUserThreadStart [0x00007FFA81D3CC91+33]", "trace": "self = <tests.test_order_page.TestOrderPage object at 0x000001BC5319C890>, driver = <selenium.webdriver.chrome.webdriver.WebDriver (session=\"abe15cf826432034dd7d97159a59407e\")>\n\n    @allure.title(\"Проверка появления номера нового заказа на экране 'Лента заказов' в разделе 'В работе'\")\n    @allure.description(\n        \"Создаём заказ и проверяем что его номер отображается на экране 'Лента заказов' в разделе 'В работе'\")\n    def test_number_appears_in_progress_section_success(self, driver):\n        # Соаздаём и авторизуемся новым пользователем\n        user_data = stellar_burgers_api.create_user_body()\n        user_response = stellar_burgers_api.create_user(user_data)\n        main_page = MainPage(driver)\n        main_page.open()\n        email = main_page.get_user_email(user_data)\n        password = main_page.get_user_password(user_data)\n        main_page.click_account_button()\n        personal_account_page = PersonalAccountPage(driver)\n        personal_account_page.set_email(email)\n        personal_account_page.set_password(password)\n        personal_account_page.click_enter_button()\n        main_page.find_main_page_title()\n        # Добавляем ингредиенты и создаём новый заказ. Получаем его номер и закрываем всплывающее окно.\n>       main_page.add_bun_in_order()\n\ntests\\test_order_page.py:145: \n_ _ _ _ _ _ _ _ _ _ _ _ _ _ _ _ _ _ _ _ _ _ _ _ _ _ _ _ _ _ _ _ _ _ _ _ _ _ _ _ _ _ _ _ _ _ _ _ _ _ _ _ _ _ _ _ _ _ _ _ _ _ _ _ _ _ _ _ _ _ _ _ _ _ _ _ _ _ _ _ _ _ _ _ _ _ _ _ \npages\\main_page.py:34: in add_bun_in_order\n    source = self.wait_and_find_element(MainPageLocators.BUN_INGREDIENT)\npages\\base_page.py:11: in wait_and_find_element\n    WebDriverWait(self.driver, 5).until(expected_conditions.visibility_of_element_located(locator))\n_ _ _ _ _ _ _ _ _ _ _ _ _ _ _ _ _ _ _ _ _ _ _ _ _ _ _ _ _ _ _ _ _ _ _ _ _ _ _ _ _ _ _ _ _ _ _ _ _ _ _ _ _ _ _ _ _ _ _ _ _ _ _ _ _ _ _ _ _ _ _ _ _ _ _ _ _ _ _ _ _ _ _ _ _ _ _ _ \n\nself = <selenium.webdriver.support.wait.WebDriverWait (session=\"abe15cf826432034dd7d97159a59407e\")>\nmethod = <function visibility_of_element_located.<locals>._predicate at 0x000001BC53187920>, message = ''\n\n    def until(self, method: Callable[[D], Union[Literal[False], T]], message: str = \"\") -> T:\n        \"\"\"Calls the method provided with the driver as an argument until the \\\n        return value does not evaluate to ``False``.\n    \n        :param method: callable(WebDriver)\n        :param message: optional message for :exc:`TimeoutException`\n        :returns: the result of the last call to `method`\n        :raises: :exc:`selenium.common.exceptions.TimeoutException` if timeout occurs\n        \"\"\"\n        screen = None\n        stacktrace = None\n    \n        end_time = time.monotonic() + self._timeout\n        while True:\n            try:\n                value = method(self._driver)\n                if value:\n                    return value\n            except self._ignored_exceptions as exc:\n                screen = getattr(exc, \"screen\", None)\n                stacktrace = getattr(exc, \"stacktrace\", None)\n            if time.monotonic() > end_time:\n                break\n            time.sleep(self._poll)\n>       raise TimeoutException(message, screen, stacktrace)\nE       selenium.common.exceptions.TimeoutException: Message: \nE       Stacktrace:\nE       \tGetHandleVerifier [0x00007FF7036FFBE5+28741]\nE       \t(No symbol) [0x00007FF703667890]\nE       \t(No symbol) [0x00007FF703504FDA]\nE       \t(No symbol) [0x00007FF703559322]\nE       \t(No symbol) [0x00007FF70355954C]\nE       \t(No symbol) [0x00007FF7035A3337]\nE       \t(No symbol) [0x00007FF70357FF4F]\nE       \t(No symbol) [0x00007FF7035A00B4]\nE       \t(No symbol) [0x00007FF70357FCB3]\nE       \t(No symbol) [0x00007FF703549FB3]\nE       \t(No symbol) [0x00007FF70354B331]\nE       \tGetHandleVerifier [0x00007FF703A3A73D+3414941]\nE       \tGetHandleVerifier [0x00007FF703A4E64A+3496618]\nE       \tGetHandleVerifier [0x00007FF703A4413D+3454365]\nE       \tGetHandleVerifier [0x00007FF7037C848B+850155]\nE       \t(No symbol) [0x00007FF7036737FF]\nE       \t(No symbol) [0x00007FF70366F0C4]\nE       \t(No symbol) [0x00007FF70366F25D]\nE       \t(No symbol) [0x00007FF70365E079]\nE       \tBaseThreadInitThunk [0x00007FFA81657374+20]\nE       \tRtlUserThreadStart [0x00007FFA81D3CC91+33]\n\n..\\.venv\\Lib\\site-packages\\selenium\\webdriver\\support\\wait.py:105: TimeoutException"}, "description": "Создаём заказ и проверяем что его номер отображается на экране 'Лента заказов' в разделе 'В работе'", "steps": [{"name": "Создание тела запроса создания юзера: email, password, name", "status": "passed", "start": 1737449767078, "stop": 1737449767078}, {"name": "Создание пользователя в приложении Stellar burger", "status": "passed", "parameters": [{"name": "user_data", "value": "{'email': 'ulgqt@myandex.ru', 'password': 'zjflsygkyf', 'name': 'crfvscuwhz'}"}], "start": 1737449767078, "stop": 1737449767291}, {"name": "Открытие в браузере страницы 'Stellar Burger'", "status": "passed", "start": 1737449767291, "stop": 1737449767461}, {"name": "Получение эмейла для авторизации из сгенерированных данных", "status": "passed", "parameters": [{"name": "user_response", "value": "{'email': 'ulgqt@myandex.ru', 'password': 'zjflsygkyf', 'name': 'crfvscuwhz'}"}], "start": 1737449767461, "stop": 1737449767461}, {"name": "Получение пароля для авторизации из сгенерированных данных", "status": "passed", "parameters": [{"name": "user_response", "value": "{'email': 'ulgqt@myandex.ru', 'password': 'zjflsygkyf', 'name': 'crfvscuwhz'}"}], "start": 1737449767461, "stop": 1737449767461}, {"name": "Клик по кнопке 'Личный кабинет' в шапке страницы", "status": "passed", "start": 1737449767461, "stop": 1737449767575}, {"name": "Ввод почты в поле email", "status": "passed", "parameters": [{"name": "email", "value": "'ulgqt@myandex.ru'"}], "start": 1737449767575, "stop": 1737449767727}, {"name": "Ввод пароля в поле 'Пароль'", "status": "passed", "parameters": [{"name": "password", "value": "'zjflsygkyf'"}], "start": 1737449767728, "stop": 1737449767852}, {"name": "Авторизация кликом по кнопке 'Войти'", "status": "passed", "start": 1737449767852, "stop": 1737449767898}, {"name": "Открытие Главной страницы", "status": "passed", "start": 1737449767899, "stop": 1737449768466}, {"name": "Перемещение булки в зону создания бургера", "status": "broken", "statusDetails": {"message": "selenium.common.exceptions.TimeoutException: Message: \nStacktrace:\n\tGetHandleVerifier [0x00007FF7036FFBE5+28741]\n\t(No symbol) [0x00007FF703667890]\n\t(No symbol) [0x00007FF703504FDA]\n\t(No symbol) [0x00007FF703559322]\n\t(No symbol) [0x00007FF70355954C]\n\t(No symbol) [0x00007FF7035A3337]\n\t(No symbol) [0x00007FF70357FF4F]\n\t(No symbol) [0x00007FF7035A00B4]\n\t(No symbol) [0x00007FF70357FCB3]\n\t(No symbol) [0x00007FF703549FB3]\n\t(No symbol) [0x00007FF70354B331]\n\tGetHandleVerifier [0x00007FF703A3A73D+3414941]\n\tGetHandleVerifier [0x00007FF703A4E64A+3496618]\n\tGetHandleVerifier [0x00007FF703A4413D+3454365]\n\tGetHandleVerifier [0x00007FF7037C848B+850155]\n\t(No symbol) [0x00007FF7036737FF]\n\t(No symbol) [0x00007FF70366F0C4]\n\t(No symbol) [0x00007FF70366F25D]\n\t(No symbol) [0x00007FF70365E079]\n\tBaseThreadInitThunk [0x00007FFA81657374+20]\n\tRtlUserThreadStart [0x00007FFA81D3CC91+33]\n\n", "trace": "  File \"C:\\Users\\User\\PycharmProjects\\Diplom\\.venv\\Lib\\site-packages\\allure_commons\\_allure.py\", line 192, in impl\n    return func(*a, **kw)\n           ^^^^^^^^^^^^^^\n  File \"C:\\Users\\User\\PycharmProjects\\Diplom\\Diplom3\\pages\\main_page.py\", line 34, in add_bun_in_order\n    source = self.wait_and_find_element(MainPageLocators.BUN_INGREDIENT)\n             ^^^^^^^^^^^^^^^^^^^^^^^^^^^^^^^^^^^^^^^^^^^^^^^^^^^^^^^^^^^\n  File \"C:\\Users\\User\\PycharmProjects\\Diplom\\Diplom3\\pages\\base_page.py\", line 11, in wait_and_find_element\n    WebDriverWait(self.driver, 5).until(expected_conditions.visibility_of_element_located(locator))\n  File \"C:\\Users\\User\\PycharmProjects\\Diplom\\.venv\\Lib\\site-packages\\selenium\\webdriver\\support\\wait.py\", line 105, in until\n    raise TimeoutException(message, screen, stacktrace)\n"}, "start": 1737449768466, "stop": 1737449773599}], "parameters": [{"name": "driver", "value": "'chrome'"}], "start": 1737449767077, "stop": 1737449773600, "uuid": "aac7b7da-6bb6-42c9-a8ca-6f1722981601", "historyId": "f8ecfb6d1bbc8ea62df29c3b8327bc76", "testCaseId": "482e79e860da43b280270f71ad5c519a", "fullName": "tests.test_order_page.TestOrderPage#test_number_appears_in_progress_section_success", "labels": [{"name": "parentSuite", "value": "tests"}, {"name": "suite", "value": "test_order_page"}, {"name": "subSuite", "value": "TestOrderPage"}, {"name": "host", "value": "01ms32"}, {"name": "thread", "value": "9524-MainThread"}, {"name": "framework", "value": "pytest"}, {"name": "language", "value": "cpython3"}, {"name": "package", "value": "tests.test_order_page"}]}