{"name": "Проверка появления номера нового заказа на экране 'Лента заказов'", "status": "broken", "statusDetails": {"message": "selenium.common.exceptions.TimeoutException: Message: \nStacktrace:\n\tGetHandleVerifier [0x00007FF6F530FBE5+28741]\n\t(No symbol) [0x00007FF6F5277890]\n\t(No symbol) [0x00007FF6F5114FDA]\n\t(No symbol) [0x00007FF6F5169322]\n\t(No symbol) [0x00007FF6F516954C]\n\t(No symbol) [0x00007FF6F51B3337]\n\t(No symbol) [0x00007FF6F518FF4F]\n\t(No symbol) [0x00007FF6F51B00B4]\n\t(No symbol) [0x00007FF6F518FCB3]\n\t(No symbol) [0x00007FF6F5159FB3]\n\t(No symbol) [0x00007FF6F515B331]\n\tGetHandleVerifier [0x00007FF6F564A73D+3414941]\n\tGetHandleVerifier [0x00007FF6F565E64A+3496618]\n\tGetHandleVerifier [0x00007FF6F565413D+3454365]\n\tGetHandleVerifier [0x00007FF6F53D848B+850155]\n\t(No symbol) [0x00007FF6F52837FF]\n\t(No symbol) [0x00007FF6F527F0C4]\n\t(No symbol) [0x00007FF6F527F25D]\n\t(No symbol) [0x00007FF6F526E079]\n\tBaseThreadInitThunk [0x00007FFA81657374+20]\n\tRtlUserThreadStart [0x00007FFA81D3CC91+33]", "trace": "self = <tests.test_order_page.TestOrderPage object at 0x000001D782267B00>\ndriver = <selenium.webdriver.chrome.webdriver.WebDriver (session=\"bce26fc4d8f307cf57453cef6e817b69\")>\n\n    @allure.title(\"Проверка появления номера нового заказа на экране 'Лента заказов'\")\n    @allure.description(\"Создаём заказ и проверяем, что его номер появляется среди всех заказов на странице 'Лента заказов'\")\n    def test_order_in_order_list_success(self, driver):\n        # Создаём и авторизуем нового пользователя\n        user_data = stellar_burgers_api.create_user_body()\n        user_response = stellar_burgers_api.create_user(user_data)\n        main_page = MainPage(driver)\n        main_page.open()\n        email = main_page.get_user_email(user_data)\n        password = main_page.get_user_password(user_data)\n        main_page.click_account_button()\n    \n        personal_account_page = PersonalAccountPage(driver)\n        personal_account_page.set_email(email)\n        personal_account_page.set_password(password)\n        personal_account_page.click_enter_button()\n>       main_page.find_main_page_title()\n\ntests\\test_order_page.py:34: \n_ _ _ _ _ _ _ _ _ _ _ _ _ _ _ _ _ _ _ _ _ _ _ _ _ _ _ _ _ _ _ _ _ _ _ _ _ _ _ _ _ _ _ _ _ _ _ _ _ _ _ _ _ _ _ _ _ _ _ _ _ _ _ _ _ _ _ _ _ _ _ _ _ _ _ _ _ _ \npages\\main_page.py:101: in find_main_page_title\n    return self.wait_and_find_element(MainPageLocators.TITLE_MAIN_PAGE)\npages\\base_page.py:12: in wait_and_find_element\n    WebDriverWait(self.driver, 5).until(expected_conditions.visibility_of_element_located(locator))\n_ _ _ _ _ _ _ _ _ _ _ _ _ _ _ _ _ _ _ _ _ _ _ _ _ _ _ _ _ _ _ _ _ _ _ _ _ _ _ _ _ _ _ _ _ _ _ _ _ _ _ _ _ _ _ _ _ _ _ _ _ _ _ _ _ _ _ _ _ _ _ _ _ _ _ _ _ _ \n\nself = <selenium.webdriver.support.wait.WebDriverWait (session=\"bce26fc4d8f307cf57453cef6e817b69\")>\nmethod = <function visibility_of_element_located.<locals>._predicate at 0x000001D7822DA160>, message = ''\n\n    def until(self, method: Callable[[D], Union[Literal[False], T]], message: str = \"\") -> T:\n        \"\"\"Calls the method provided with the driver as an argument until the \\\n        return value does not evaluate to ``False``.\n    \n        :param method: callable(WebDriver)\n        :param message: optional message for :exc:`TimeoutException`\n        :returns: the result of the last call to `method`\n        :raises: :exc:`selenium.common.exceptions.TimeoutException` if timeout occurs\n        \"\"\"\n        screen = None\n        stacktrace = None\n    \n        end_time = time.monotonic() + self._timeout\n        while True:\n            try:\n                value = method(self._driver)\n                if value:\n                    return value\n            except self._ignored_exceptions as exc:\n                screen = getattr(exc, \"screen\", None)\n                stacktrace = getattr(exc, \"stacktrace\", None)\n            if time.monotonic() > end_time:\n                break\n            time.sleep(self._poll)\n>       raise TimeoutException(message, screen, stacktrace)\nE       selenium.common.exceptions.TimeoutException: Message: \nE       Stacktrace:\nE       \tGetHandleVerifier [0x00007FF6F530FBE5+28741]\nE       \t(No symbol) [0x00007FF6F5277890]\nE       \t(No symbol) [0x00007FF6F5114FDA]\nE       \t(No symbol) [0x00007FF6F5169322]\nE       \t(No symbol) [0x00007FF6F516954C]\nE       \t(No symbol) [0x00007FF6F51B3337]\nE       \t(No symbol) [0x00007FF6F518FF4F]\nE       \t(No symbol) [0x00007FF6F51B00B4]\nE       \t(No symbol) [0x00007FF6F518FCB3]\nE       \t(No symbol) [0x00007FF6F5159FB3]\nE       \t(No symbol) [0x00007FF6F515B331]\nE       \tGetHandleVerifier [0x00007FF6F564A73D+3414941]\nE       \tGetHandleVerifier [0x00007FF6F565E64A+3496618]\nE       \tGetHandleVerifier [0x00007FF6F565413D+3454365]\nE       \tGetHandleVerifier [0x00007FF6F53D848B+850155]\nE       \t(No symbol) [0x00007FF6F52837FF]\nE       \t(No symbol) [0x00007FF6F527F0C4]\nE       \t(No symbol) [0x00007FF6F527F25D]\nE       \t(No symbol) [0x00007FF6F526E079]\nE       \tBaseThreadInitThunk [0x00007FFA81657374+20]\nE       \tRtlUserThreadStart [0x00007FFA81D3CC91+33]\n\n..\\.venv\\Lib\\site-packages\\selenium\\webdriver\\support\\wait.py:105: TimeoutException"}, "description": "Создаём заказ и проверяем, что его номер появляется среди всех заказов на странице 'Лента заказов'", "steps": [{"name": "Создание тела запроса создания юзера: email, password, name", "status": "passed", "start": 1737459354195, "stop": 1737459354195}, {"name": "Создание пользователя в приложении Stellar burger", "status": "passed", "parameters": [{"name": "user_data", "value": "{'email': 'wwcgs@myandex.ru', 'password': 'azrcdfjqbv', 'name': 'ykdwlmlqgb'}"}], "start": 1737459354195, "stop": 1737459354407}, {"name": "Открытие в браузере страницы 'Stellar Burger'", "status": "passed", "start": 1737459354407, "stop": 1737459354581}, {"name": "Получение эмейла для авторизации из сгенерированных данных", "status": "passed", "parameters": [{"name": "user_response", "value": "{'email': 'wwcgs@myandex.ru', 'password': 'azrcdfjqbv', 'name': 'ykdwlmlqgb'}"}], "start": 1737459354581, "stop": 1737459354582}, {"name": "Получение пароля для авторизации из сгенерированных данных", "status": "passed", "parameters": [{"name": "user_response", "value": "{'email': 'wwcgs@myandex.ru', 'password': 'azrcdfjqbv', 'name': 'ykdwlmlqgb'}"}], "start": 1737459354582, "stop": 1737459354582}, {"name": "Клик по кнопке 'Личный кабинет' в шапке страницы", "status": "passed", "start": 1737459354582, "stop": 1737459354640}, {"name": "Ввод почты в поле email", "status": "passed", "parameters": [{"name": "email", "value": "'wwcgs@myandex.ru'"}], "start": 1737459354641, "stop": 1737459354750}, {"name": "Ввод пароля в поле 'Пароль'", "status": "passed", "parameters": [{"name": "password", "value": "'azrcdfjqbv'"}], "start": 1737459354751, "stop": 1737459354837}, {"name": "Авторизация кликом по кнопке 'Войти'", "status": "passed", "start": 1737459354837, "stop": 1737459354900}, {"name": "Открытие Главной страницы", "status": "broken", "statusDetails": {"message": "selenium.common.exceptions.TimeoutException: Message: \nStacktrace:\n\tGetHandleVerifier [0x00007FF6F530FBE5+28741]\n\t(No symbol) [0x00007FF6F5277890]\n\t(No symbol) [0x00007FF6F5114FDA]\n\t(No symbol) [0x00007FF6F5169322]\n\t(No symbol) [0x00007FF6F516954C]\n\t(No symbol) [0x00007FF6F51B3337]\n\t(No symbol) [0x00007FF6F518FF4F]\n\t(No symbol) [0x00007FF6F51B00B4]\n\t(No symbol) [0x00007FF6F518FCB3]\n\t(No symbol) [0x00007FF6F5159FB3]\n\t(No symbol) [0x00007FF6F515B331]\n\tGetHandleVerifier [0x00007FF6F564A73D+3414941]\n\tGetHandleVerifier [0x00007FF6F565E64A+3496618]\n\tGetHandleVerifier [0x00007FF6F565413D+3454365]\n\tGetHandleVerifier [0x00007FF6F53D848B+850155]\n\t(No symbol) [0x00007FF6F52837FF]\n\t(No symbol) [0x00007FF6F527F0C4]\n\t(No symbol) [0x00007FF6F527F25D]\n\t(No symbol) [0x00007FF6F526E079]\n\tBaseThreadInitThunk [0x00007FFA81657374+20]\n\tRtlUserThreadStart [0x00007FFA81D3CC91+33]\n\n", "trace": "  File \"C:\\Users\\User\\PycharmProjects\\Diplom\\.venv\\Lib\\site-packages\\allure_commons\\_allure.py\", line 192, in impl\n    return func(*a, **kw)\n           ^^^^^^^^^^^^^^\n  File \"C:\\Users\\User\\PycharmProjects\\Diplom\\Diplom3\\pages\\main_page.py\", line 101, in find_main_page_title\n    return self.wait_and_find_element(MainPageLocators.TITLE_MAIN_PAGE)\n           ^^^^^^^^^^^^^^^^^^^^^^^^^^^^^^^^^^^^^^^^^^^^^^^^^^^^^^^^^^^^\n  File \"C:\\Users\\User\\PycharmProjects\\Diplom\\Diplom3\\pages\\base_page.py\", line 12, in wait_and_find_element\n    WebDriverWait(self.driver, 5).until(expected_conditions.visibility_of_element_located(locator))\n  File \"C:\\Users\\User\\PycharmProjects\\Diplom\\.venv\\Lib\\site-packages\\selenium\\webdriver\\support\\wait.py\", line 105, in until\n    raise TimeoutException(message, screen, stacktrace)\n"}, "start": 1737459354901, "stop": 1737459379422}], "parameters": [{"name": "driver", "value": "'chrome'"}], "start": 1737459354195, "stop": 1737459379432, "uuid": "dab49e9f-e120-4e5d-8e16-22e90c45c9c3", "historyId": "c25efa74381802b17d9935beaf448b79", "testCaseId": "503030750ab22cb56dbc72d0c806c1b9", "fullName": "tests.test_order_page.TestOrderPage#test_order_in_order_list_success", "labels": [{"name": "parentSuite", "value": "tests"}, {"name": "suite", "value": "test_order_page"}, {"name": "subSuite", "value": "TestOrderPage"}, {"name": "host", "value": "01ms32"}, {"name": "thread", "value": "7052-MainThread"}, {"name": "framework", "value": "pytest"}, {"name": "language", "value": "cpython3"}, {"name": "package", "value": "tests.test_order_page"}]}