{"name": "Проверка появления номера нового заказа на экране 'Лента заказов'", "status": "broken", "statusDetails": {"message": "selenium.common.exceptions.TimeoutException: Message: \nStacktrace:\n\tGetHandleVerifier [0x00007FF69AC8FBE5+28741]\n\t(No symbol) [0x00007FF69ABF7890]\n\t(No symbol) [0x00007FF69AA94FDA]\n\t(No symbol) [0x00007FF69AAE9322]\n\t(No symbol) [0x00007FF69AAE954C]\n\t(No symbol) [0x00007FF69AB33337]\n\t(No symbol) [0x00007FF69AB0FF4F]\n\t(No symbol) [0x00007FF69AB300B4]\n\t(No symbol) [0x00007FF69AB0FCB3]\n\t(No symbol) [0x00007FF69AAD9FB3]\n\t(No symbol) [0x00007FF69AADB331]\n\tGetHandleVerifier [0x00007FF69AFCA73D+3414941]\n\tGetHandleVerifier [0x00007FF69AFDE64A+3496618]\n\tGetHandleVerifier [0x00007FF69AFD413D+3454365]\n\tGetHandleVerifier [0x00007FF69AD5848B+850155]\n\t(No symbol) [0x00007FF69AC037FF]\n\t(No symbol) [0x00007FF69ABFF0C4]\n\t(No symbol) [0x00007FF69ABFF25D]\n\t(No symbol) [0x00007FF69ABEE079]\n\tBaseThreadInitThunk [0x00007FFA81657374+20]\n\tRtlUserThreadStart [0x00007FFA81D3CC91+33]", "trace": "self = <tests.test_order_page.TestOrderPage object at 0x0000019FD7C5BBC0>, driver = <selenium.webdriver.chrome.webdriver.WebDriver (session=\"9e149a0bdb1f5963f6a573bb79a5ef67\")>\n\n    @allure.title(\"Проверка появления номера нового заказа на экране 'Лента заказов'\")\n    @allure.description(\"Создаём заказ и проверяем, что его номер появляется среди всех заказов на странице 'Лента заказов'\")\n    def test_order_in_order_list_success(self, driver):\n        # Создаём и авторизуем нового пользователя\n        user_data = stellar_burgers_api.create_user_body()\n        user_response = stellar_burgers_api.create_user(user_data)\n        main_page = MainPage(driver)\n        main_page.open()\n        email = main_page.get_user_email(user_data)\n        password = main_page.get_user_password(user_data)\n        main_page.click_account_button()\n    \n        personal_account_page = PersonalAccountPage(driver)\n        personal_account_page.set_email(email)\n        personal_account_page.set_password(password)\n        personal_account_page.click_enter_button()\n>       main_page.find_main_page_title()\n\ntests\\test_order_page.py:34: \n_ _ _ _ _ _ _ _ _ _ _ _ _ _ _ _ _ _ _ _ _ _ _ _ _ _ _ _ _ _ _ _ _ _ _ _ _ _ _ _ _ _ _ _ _ _ _ _ _ _ _ _ _ _ _ _ _ _ _ _ _ _ _ _ _ _ _ _ _ _ _ _ _ _ _ _ _ _ _ _ _ _ _ _ _ _ _ _ \npages\\main_page.py:101: in find_main_page_title\n    return self.wait_and_find_element(MainPageLocators.TITLE_MAIN_PAGE)\npages\\base_page.py:12: in wait_and_find_element\n    WebDriverWait(self.driver, 5).until(expected_conditions.visibility_of_element_located(locator))\n_ _ _ _ _ _ _ _ _ _ _ _ _ _ _ _ _ _ _ _ _ _ _ _ _ _ _ _ _ _ _ _ _ _ _ _ _ _ _ _ _ _ _ _ _ _ _ _ _ _ _ _ _ _ _ _ _ _ _ _ _ _ _ _ _ _ _ _ _ _ _ _ _ _ _ _ _ _ _ _ _ _ _ _ _ _ _ _ \n\nself = <selenium.webdriver.support.wait.WebDriverWait (session=\"9e149a0bdb1f5963f6a573bb79a5ef67\")>\nmethod = <function visibility_of_element_located.<locals>._predicate at 0x0000019FD7CE60C0>, message = ''\n\n    def until(self, method: Callable[[D], Union[Literal[False], T]], message: str = \"\") -> T:\n        \"\"\"Calls the method provided with the driver as an argument until the \\\n        return value does not evaluate to ``False``.\n    \n        :param method: callable(WebDriver)\n        :param message: optional message for :exc:`TimeoutException`\n        :returns: the result of the last call to `method`\n        :raises: :exc:`selenium.common.exceptions.TimeoutException` if timeout occurs\n        \"\"\"\n        screen = None\n        stacktrace = None\n    \n        end_time = time.monotonic() + self._timeout\n        while True:\n            try:\n                value = method(self._driver)\n                if value:\n                    return value\n            except self._ignored_exceptions as exc:\n                screen = getattr(exc, \"screen\", None)\n                stacktrace = getattr(exc, \"stacktrace\", None)\n            if time.monotonic() > end_time:\n                break\n            time.sleep(self._poll)\n>       raise TimeoutException(message, screen, stacktrace)\nE       selenium.common.exceptions.TimeoutException: Message: \nE       Stacktrace:\nE       \tGetHandleVerifier [0x00007FF69AC8FBE5+28741]\nE       \t(No symbol) [0x00007FF69ABF7890]\nE       \t(No symbol) [0x00007FF69AA94FDA]\nE       \t(No symbol) [0x00007FF69AAE9322]\nE       \t(No symbol) [0x00007FF69AAE954C]\nE       \t(No symbol) [0x00007FF69AB33337]\nE       \t(No symbol) [0x00007FF69AB0FF4F]\nE       \t(No symbol) [0x00007FF69AB300B4]\nE       \t(No symbol) [0x00007FF69AB0FCB3]\nE       \t(No symbol) [0x00007FF69AAD9FB3]\nE       \t(No symbol) [0x00007FF69AADB331]\nE       \tGetHandleVerifier [0x00007FF69AFCA73D+3414941]\nE       \tGetHandleVerifier [0x00007FF69AFDE64A+3496618]\nE       \tGetHandleVerifier [0x00007FF69AFD413D+3454365]\nE       \tGetHandleVerifier [0x00007FF69AD5848B+850155]\nE       \t(No symbol) [0x00007FF69AC037FF]\nE       \t(No symbol) [0x00007FF69ABFF0C4]\nE       \t(No symbol) [0x00007FF69ABFF25D]\nE       \t(No symbol) [0x00007FF69ABEE079]\nE       \tBaseThreadInitThunk [0x00007FFA81657374+20]\nE       \tRtlUserThreadStart [0x00007FFA81D3CC91+33]\n\n..\\.venv\\Lib\\site-packages\\selenium\\webdriver\\support\\wait.py:105: TimeoutException"}, "description": "Создаём заказ и проверяем, что его номер появляется среди всех заказов на странице 'Лента заказов'", "steps": [{"name": "Создание тела запроса создания юзера: email, password, name", "status": "passed", "start": 1737458272156, "stop": 1737458272156}, {"name": "Создание пользователя в приложении Stellar burger", "status": "passed", "parameters": [{"name": "user_data", "value": "{'email': 'kdsae@myandex.ru', 'password': 'kfjoivbgjq', 'name': 'jcdzzjbksv'}"}], "start": 1737458272156, "stop": 1737458272364}, {"name": "Открытие в браузере страницы 'Stellar Burger'", "status": "passed", "start": 1737458272364, "stop": 1737458272522}, {"name": "Получение эмейла для авторизации из сгенерированных данных", "status": "passed", "parameters": [{"name": "user_response", "value": "{'email': 'kdsae@myandex.ru', 'password': 'kfjoivbgjq', 'name': 'jcdzzjbksv'}"}], "start": 1737458272522, "stop": 1737458272522}, {"name": "Получение пароля для авторизации из сгенерированных данных", "status": "passed", "parameters": [{"name": "user_response", "value": "{'email': 'kdsae@myandex.ru', 'password': 'kfjoivbgjq', 'name': 'jcdzzjbksv'}"}], "start": 1737458272523, "stop": 1737458272523}, {"name": "Клик по кнопке 'Личный кабинет' в шапке страницы", "status": "passed", "start": 1737458272523, "stop": 1737458272586}, {"name": "Ввод почты в поле email", "status": "passed", "parameters": [{"name": "email", "value": "'kdsae@myandex.ru'"}], "start": 1737458272587, "stop": 1737458272704}, {"name": "Ввод пароля в поле 'Пароль'", "status": "passed", "parameters": [{"name": "password", "value": "'kfjoivbgjq'"}], "start": 1737458272704, "stop": 1737458272776}, {"name": "Авторизация кликом по кнопке 'Войти'", "status": "passed", "start": 1737458272776, "stop": 1737458272806}, {"name": "Открытие Главной страницы", "status": "broken", "statusDetails": {"message": "selenium.common.exceptions.TimeoutException: Message: \nStacktrace:\n\tGetHandleVerifier [0x00007FF69AC8FBE5+28741]\n\t(No symbol) [0x00007FF69ABF7890]\n\t(No symbol) [0x00007FF69AA94FDA]\n\t(No symbol) [0x00007FF69AAE9322]\n\t(No symbol) [0x00007FF69AAE954C]\n\t(No symbol) [0x00007FF69AB33337]\n\t(No symbol) [0x00007FF69AB0FF4F]\n\t(No symbol) [0x00007FF69AB300B4]\n\t(No symbol) [0x00007FF69AB0FCB3]\n\t(No symbol) [0x00007FF69AAD9FB3]\n\t(No symbol) [0x00007FF69AADB331]\n\tGetHandleVerifier [0x00007FF69AFCA73D+3414941]\n\tGetHandleVerifier [0x00007FF69AFDE64A+3496618]\n\tGetHandleVerifier [0x00007FF69AFD413D+3454365]\n\tGetHandleVerifier [0x00007FF69AD5848B+850155]\n\t(No symbol) [0x00007FF69AC037FF]\n\t(No symbol) [0x00007FF69ABFF0C4]\n\t(No symbol) [0x00007FF69ABFF25D]\n\t(No symbol) [0x00007FF69ABEE079]\n\tBaseThreadInitThunk [0x00007FFA81657374+20]\n\tRtlUserThreadStart [0x00007FFA81D3CC91+33]\n\n", "trace": "  File \"C:\\Users\\User\\PycharmProjects\\Diplom\\.venv\\Lib\\site-packages\\allure_commons\\_allure.py\", line 192, in impl\n    return func(*a, **kw)\n           ^^^^^^^^^^^^^^\n  File \"C:\\Users\\User\\PycharmProjects\\Diplom\\Diplom3\\pages\\main_page.py\", line 101, in find_main_page_title\n    return self.wait_and_find_element(MainPageLocators.TITLE_MAIN_PAGE)\n           ^^^^^^^^^^^^^^^^^^^^^^^^^^^^^^^^^^^^^^^^^^^^^^^^^^^^^^^^^^^^\n  File \"C:\\Users\\User\\PycharmProjects\\Diplom\\Diplom3\\pages\\base_page.py\", line 12, in wait_and_find_element\n    WebDriverWait(self.driver, 5).until(expected_conditions.visibility_of_element_located(locator))\n  File \"C:\\Users\\User\\PycharmProjects\\Diplom\\.venv\\Lib\\site-packages\\selenium\\webdriver\\support\\wait.py\", line 105, in until\n    raise TimeoutException(message, screen, stacktrace)\n"}, "start": 1737458272806, "stop": 1737458297276}], "parameters": [{"name": "driver", "value": "'chrome'"}], "start": 1737458272156, "stop": 1737458297279, "uuid": "58161bf6-a22d-4042-99aa-0e99a65862bd", "historyId": "c25efa74381802b17d9935beaf448b79", "testCaseId": "503030750ab22cb56dbc72d0c806c1b9", "fullName": "tests.test_order_page.TestOrderPage#test_order_in_order_list_success", "labels": [{"name": "parentSuite", "value": "tests"}, {"name": "suite", "value": "test_order_page"}, {"name": "subSuite", "value": "TestOrderPage"}, {"name": "host", "value": "01ms32"}, {"name": "thread", "value": "15492-MainThread"}, {"name": "framework", "value": "pytest"}, {"name": "language", "value": "cpython3"}, {"name": "package", "value": "tests.test_order_page"}]}