{"name": "Проверка увеличения значения счётчика 'Выполнено за сегодня' на экране 'Лента заказов'", "status": "broken", "statusDetails": {"message": "selenium.common.exceptions.TimeoutException: Message: \nStacktrace:\nRemoteError@chrome://remote/content/shared/RemoteError.sys.mjs:8:8\nWebDriverError@chrome://remote/content/shared/webdriver/Errors.sys.mjs:193:5\nNoSuchElementError@chrome://remote/content/shared/webdriver/Errors.sys.mjs:511:5\ndom.find/</<@chrome://remote/content/shared/DOM.sys.mjs:136:16", "trace": "self = <tests.test_order_page.TestOrderPage object at 0x0000027526499550>\ndefault_user = {'access_token': 'Bearer eyJhbGciOiJIUzI1NiIsInR5cCI6IkpXVCJ9.eyJpZCI6IjY3OTYxM2E4OWVkMjgwMDAxYjU1YjU3ZSIsImlhdCI6MTcz...ata': {'email': 'tmkkc@myandex.ru', 'name': 'mskwyqdpxz', 'password': 'tgihjihwjg'}, 'user_response': <Response [200]>}\nmain_page = <pages.main_page.MainPage object at 0x00000275265B1130>, order_page = <pages.order_page.OrderPage object at 0x000002752659C590>\npersonal_account_page = <pages.personal_account_page.PersonalAccountPage object at 0x000002752659C4A0>\n\n    @allure.title(\"Проверка увеличения значения счётчика 'Выполнено за сегодня' на экране 'Лента заказов'\")\n    @allure.description(\n        \"Создаём заказ и проверяем что счётчик выполненных заказов за сегодня, на экране 'Лента заказов', увеличивается на 1\")\n    def test_order_counter_today_increases_when_new_order_is_placed_success(self, default_user, main_page, order_page, personal_account_page):\n        # Создаём и авторизуем нового пользователя\n        user_data = default_user ['user_data']\n        main_page.open()\n        email = main_page.get_user_email(user_data)\n        password = main_page.get_user_password(user_data)\n        main_page.click_account_button()\n        personal_account_page.set_email(email)\n        personal_account_page.set_password(password)\n        personal_account_page.click_enter_button()\n        main_page.find_main_page_title()\n        # Получаем значение счётчика выполненных за сегодня заказов на странице \"Лента заказов\"\n        main_page.click_list_order_button()\n        counter_before = order_page.get_orders_counter_today()\n        # Переходим в конструктор и создаём заказ\n        order_page.click_constructor_button()\n        main_page.add_bun_in_order()\n>       main_page.add_sauce_in_order()\n\ntests\\test_order_page.py:95: \n_ _ _ _ _ _ _ _ _ _ _ _ _ _ _ _ _ _ _ _ _ _ _ _ _ _ _ _ _ _ _ _ _ _ _ _ _ _ _ _ _ _ _ _ _ _ _ _ _ _ _ _ _ _ _ _ _ _ _ _ _ _ _ _ _ _ _ _ _ _ _ _ _ _ _ _ _ _ _ _ _ _ _ _ \npages\\main_page.py:40: in add_sauce_in_order\n    target = self.wait_and_find_element(MainPageLocators.BURGER_ORDER)\npages\\base_page.py:20: in wait_and_find_element\n    WebDriverWait(self.driver, 10).until(expected_conditions.visibility_of_element_located(locator))\n_ _ _ _ _ _ _ _ _ _ _ _ _ _ _ _ _ _ _ _ _ _ _ _ _ _ _ _ _ _ _ _ _ _ _ _ _ _ _ _ _ _ _ _ _ _ _ _ _ _ _ _ _ _ _ _ _ _ _ _ _ _ _ _ _ _ _ _ _ _ _ _ _ _ _ _ _ _ _ _ _ _ _ _ \n\nself = <selenium.webdriver.support.wait.WebDriverWait (session=\"1ca6241b-d234-46fd-9f5c-8da305e49bfd\")>\nmethod = <function visibility_of_element_located.<locals>._predicate at 0x0000027526543060>, message = ''\n\n    def until(self, method: Callable[[D], Union[Literal[False], T]], message: str = \"\") -> T:\n        \"\"\"Calls the method provided with the driver as an argument until the \\\n        return value does not evaluate to ``False``.\n    \n        :param method: callable(WebDriver)\n        :param message: optional message for :exc:`TimeoutException`\n        :returns: the result of the last call to `method`\n        :raises: :exc:`selenium.common.exceptions.TimeoutException` if timeout occurs\n        \"\"\"\n        screen = None\n        stacktrace = None\n    \n        end_time = time.monotonic() + self._timeout\n        while True:\n            try:\n                value = method(self._driver)\n                if value:\n                    return value\n            except self._ignored_exceptions as exc:\n                screen = getattr(exc, \"screen\", None)\n                stacktrace = getattr(exc, \"stacktrace\", None)\n            if time.monotonic() > end_time:\n                break\n            time.sleep(self._poll)\n>       raise TimeoutException(message, screen, stacktrace)\nE       selenium.common.exceptions.TimeoutException: Message: \nE       Stacktrace:\nE       RemoteError@chrome://remote/content/shared/RemoteError.sys.mjs:8:8\nE       WebDriverError@chrome://remote/content/shared/webdriver/Errors.sys.mjs:193:5\nE       NoSuchElementError@chrome://remote/content/shared/webdriver/Errors.sys.mjs:511:5\nE       dom.find/</<@chrome://remote/content/shared/DOM.sys.mjs:136:16\n\n..\\.venv\\Lib\\site-packages\\selenium\\webdriver\\support\\wait.py:105: TimeoutException"}, "description": "Создаём заказ и проверяем что счётчик выполненных заказов за сегодня, на экране 'Лента заказов', увеличивается на 1", "steps": [{"name": "Открытие в браузере страницы 'Stellar Burger'", "status": "passed", "start": 1737888692350, "stop": 1737888692550}, {"name": "Получение эмейла для авторизации из сгенерированных данных", "status": "passed", "parameters": [{"name": "user_response", "value": "{'email': 'tmkkc@myandex.ru', 'password': 'tgihjihwjg', 'name': 'mskwyqdpxz'}"}], "start": 1737888692550, "stop": 1737888692550}, {"name": "Получение пароля для авторизации из сгенерированных данных", "status": "passed", "parameters": [{"name": "user_response", "value": "{'email': 'tmkkc@myandex.ru', 'password': 'tgihjihwjg', 'name': 'mskwyqdpxz'}"}], "start": 1737888692550, "stop": 1737888692550}, {"name": "Клик по кнопке 'Личный кабинет' в шапке страницы", "status": "passed", "start": 1737888692550, "stop": 1737888692659}, {"name": "Ввод почты в поле email", "status": "passed", "parameters": [{"name": "email", "value": "'tmkkc@myandex.ru'"}], "start": 1737888692660, "stop": 1737888692746}, {"name": "Ввод пароля в поле 'Пароль'", "status": "passed", "parameters": [{"name": "password", "value": "'tgihjihwjg'"}], "start": 1737888692747, "stop": 1737888692773}, {"name": "Авторизация кликом по кнопке 'Войти'", "status": "passed", "start": 1737888692773, "stop": 1737888692804}, {"name": "Открытие Главной страницы", "status": "passed", "start": 1737888692804, "stop": 1737888693335}, {"name": "Клик по кнопке 'Лента заказов' в шапке страницы", "status": "passed", "start": 1737888693335, "stop": 1737888693354}, {"name": "Получение значения счётчика заказов 'Выполнено за сегодня' на странице 'Лента заказов'", "status": "passed", "start": 1737888693354, "stop": 1737888694410}, {"name": "Клик по кнопке 'Конструктор' в шапке страницы", "status": "passed", "start": 1737888694410, "stop": 1737888694433}, {"name": "Перемещение булки в зону создания бургера", "status": "passed", "start": 1737888694433, "stop": 1737888694967}, {"name": "Перемещение соуса в зону создания бургера", "status": "broken", "statusDetails": {"message": "selenium.common.exceptions.TimeoutException: Message: \nStacktrace:\nRemoteError@chrome://remote/content/shared/RemoteError.sys.mjs:8:8\nWebDriverError@chrome://remote/content/shared/webdriver/Errors.sys.mjs:193:5\nNoSuchElementError@chrome://remote/content/shared/webdriver/Errors.sys.mjs:511:5\ndom.find/</<@chrome://remote/content/shared/DOM.sys.mjs:136:16\n\n", "trace": "  File \"C:\\Users\\User\\PycharmProjects\\Diplom\\.venv\\Lib\\site-packages\\allure_commons\\_allure.py\", line 192, in impl\n    return func(*a, **kw)\n           ^^^^^^^^^^^^^^\n  File \"C:\\Users\\User\\PycharmProjects\\Diplom\\Diplom3\\pages\\main_page.py\", line 40, in add_sauce_in_order\n    target = self.wait_and_find_element(MainPageLocators.BURGER_ORDER)\n             ^^^^^^^^^^^^^^^^^^^^^^^^^^^^^^^^^^^^^^^^^^^^^^^^^^^^^^^^^\n  File \"C:\\Users\\User\\PycharmProjects\\Diplom\\Diplom3\\pages\\base_page.py\", line 20, in wait_and_find_element\n    WebDriverWait(self.driver, 10).until(expected_conditions.visibility_of_element_located(locator))\n  File \"C:\\Users\\User\\PycharmProjects\\Diplom\\.venv\\Lib\\site-packages\\selenium\\webdriver\\support\\wait.py\", line 105, in until\n    raise TimeoutException(message, screen, stacktrace)\n"}, "start": 1737888694967, "stop": 1737888705063}], "parameters": [{"name": "driver", "value": "'firefox'"}], "start": 1737888692349, "stop": 1737888705064, "uuid": "99ddc0f5-f6c6-4e4f-86a4-c83f42ddb00d", "historyId": "03d994d0f04b85b90c39daf3a5f62fde", "testCaseId": "3083110c1b47ab3f3a44f4c3e8dd7f41", "fullName": "tests.test_order_page.TestOrderPage#test_order_counter_today_increases_when_new_order_is_placed_success", "labels": [{"name": "parentSuite", "value": "tests"}, {"name": "suite", "value": "test_order_page"}, {"name": "subSuite", "value": "TestOrderPage"}, {"name": "host", "value": "01ms32"}, {"name": "thread", "value": "5904-MainThread"}, {"name": "framework", "value": "pytest"}, {"name": "language", "value": "cpython3"}, {"name": "package", "value": "tests.test_order_page"}]}