{"name": "Проверка увеличения значения счётчика заказов на экране 'Лента заказов'", "status": "broken", "statusDetails": {"message": "selenium.common.exceptions.TimeoutException: Message: \nStacktrace:\nRemoteError@chrome://remote/content/shared/RemoteError.sys.mjs:8:8\nWebDriverError@chrome://remote/content/shared/webdriver/Errors.sys.mjs:193:5\nNoSuchElementError@chrome://remote/content/shared/webdriver/Errors.sys.mjs:511:5\ndom.find/</<@chrome://remote/content/shared/DOM.sys.mjs:136:16", "trace": "self = <tests.test_order_page.TestOrderPage object at 0x000002F7978E96D0>\ndefault_user = {'access_token': 'Bearer eyJhbGciOiJIUzI1NiIsInR5cCI6IkpXVCJ9.eyJpZCI6IjY3OTYwOTE4OWVkMjgwMDAxYjU1YjRiYiIsImlhdCI6MTcz...ata': {'email': 'mbbid@myandex.ru', 'name': 'lglpxfkwqu', 'password': 'lmyflbcpko'}, 'user_response': <Response [200]>}\nmain_page = <pages.main_page.MainPage object at 0x000002F797EF68A0>, order_page = <pages.order_page.OrderPage object at 0x000002F797ED5880>\npersonal_account_page = <pages.personal_account_page.PersonalAccountPage object at 0x000002F797ED6AB0>\n\n    @allure.title(\"Проверка увеличения значения счётчика заказов на экране 'Лента заказов'\")\n    @allure.description(\n        \"Создаём заказ и проверяем что счётчик всех заказов на экране 'Лента заказов' увеличивается на 1\")\n    def test_order_counter_increases_when_new_order_is_placed_success(self, default_user, main_page, order_page, personal_account_page):\n        # Создаём и авторизуем нового пользователя\n        user_data = default_user ['user_data']\n        main_page.open()\n        email = main_page.get_user_email(user_data)\n        password = main_page.get_user_password(user_data)\n        main_page.click_account_button()\n        personal_account_page.set_email(email)\n        personal_account_page.set_password(password)\n        personal_account_page.click_enter_button()\n        main_page.find_main_page_title()\n        # Получаем значение счётчика заказов на странице \"Лента заказов\"\n        main_page.click_list_order_button()\n        counter_before = order_page.get_orders_counter()\n        # Переходим в конструктор и создаём заказ\n        order_page.click_constructor_button()\n        main_page.add_bun_in_order()\n>       main_page.add_sauce_in_order()\n\ntests\\test_order_page.py:66: \n_ _ _ _ _ _ _ _ _ _ _ _ _ _ _ _ _ _ _ _ _ _ _ _ _ _ _ _ _ _ _ _ _ _ _ _ _ _ _ _ _ _ _ _ _ _ _ _ _ _ _ _ _ _ _ _ _ _ _ _ _ _ _ _ _ _ _ _ _ _ _ _ _ _ _ _ _ _ _ _ _ _ _ _ _ _ _ _ _ _ _ _\npages\\main_page.py:40: in add_sauce_in_order\n    target = self.wait_and_find_element(MainPageLocators.BURGER_ORDER)\npages\\base_page.py:20: in wait_and_find_element\n    WebDriverWait(self.driver, 10).until(expected_conditions.visibility_of_element_located(locator))\n_ _ _ _ _ _ _ _ _ _ _ _ _ _ _ _ _ _ _ _ _ _ _ _ _ _ _ _ _ _ _ _ _ _ _ _ _ _ _ _ _ _ _ _ _ _ _ _ _ _ _ _ _ _ _ _ _ _ _ _ _ _ _ _ _ _ _ _ _ _ _ _ _ _ _ _ _ _ _ _ _ _ _ _ _ _ _ _ _ _ _ _\n\nself = <selenium.webdriver.support.wait.WebDriverWait (session=\"16da49e6-7df4-49ac-bcad-5d5606f02ea6\")>\nmethod = <function visibility_of_element_located.<locals>._predicate at 0x000002F797EDF880>, message = ''\n\n    def until(self, method: Callable[[D], Union[Literal[False], T]], message: str = \"\") -> T:\n        \"\"\"Calls the method provided with the driver as an argument until the \\\n        return value does not evaluate to ``False``.\n    \n        :param method: callable(WebDriver)\n        :param message: optional message for :exc:`TimeoutException`\n        :returns: the result of the last call to `method`\n        :raises: :exc:`selenium.common.exceptions.TimeoutException` if timeout occurs\n        \"\"\"\n        screen = None\n        stacktrace = None\n    \n        end_time = time.monotonic() + self._timeout\n        while True:\n            try:\n                value = method(self._driver)\n                if value:\n                    return value\n            except self._ignored_exceptions as exc:\n                screen = getattr(exc, \"screen\", None)\n                stacktrace = getattr(exc, \"stacktrace\", None)\n            if time.monotonic() > end_time:\n                break\n            time.sleep(self._poll)\n>       raise TimeoutException(message, screen, stacktrace)\nE       selenium.common.exceptions.TimeoutException: Message: \nE       Stacktrace:\nE       RemoteError@chrome://remote/content/shared/RemoteError.sys.mjs:8:8\nE       WebDriverError@chrome://remote/content/shared/webdriver/Errors.sys.mjs:193:5\nE       NoSuchElementError@chrome://remote/content/shared/webdriver/Errors.sys.mjs:511:5\nE       dom.find/</<@chrome://remote/content/shared/DOM.sys.mjs:136:16\n\n..\\.venv\\Lib\\site-packages\\selenium\\webdriver\\support\\wait.py:105: TimeoutException"}, "description": "Создаём заказ и проверяем что счётчик всех заказов на экране 'Лента заказов' увеличивается на 1", "steps": [{"name": "Открытие в браузере страницы 'Stellar Burger'", "status": "passed", "start": 1737885988565, "stop": 1737885988896}, {"name": "Получение эмейла для авторизации из сгенерированных данных", "status": "passed", "parameters": [{"name": "user_response", "value": "{'email': 'mbbid@myandex.ru', 'password': 'lmyflbcpko', 'name': 'lglpxfkwqu'}"}], "start": 1737885988896, "stop": 1737885988896}, {"name": "Получение пароля для авторизации из сгенерированных данных", "status": "passed", "parameters": [{"name": "user_response", "value": "{'email': 'mbbid@myandex.ru', 'password': 'lmyflbcpko', 'name': 'lglpxfkwqu'}"}], "start": 1737885988896, "stop": 1737885988896}, {"name": "Клик по кнопке 'Личный кабинет' в шапке страницы", "status": "passed", "start": 1737885988896, "stop": 1737885989046}, {"name": "Ввод почты в поле email", "status": "passed", "parameters": [{"name": "email", "value": "'mbbid@myandex.ru'"}], "start": 1737885989046, "stop": 1737885989198}, {"name": "Ввод пароля в поле 'Пароль'", "status": "passed", "parameters": [{"name": "password", "value": "'lmyflbcpko'"}], "start": 1737885989199, "stop": 1737885989245}, {"name": "Авторизация кликом по кнопке 'Войти'", "status": "passed", "start": 1737885989245, "stop": 1737885989274}, {"name": "Открытие Главной страницы", "status": "passed", "start": 1737885989274, "stop": 1737885989817}, {"name": "Клик по кнопке 'Лента заказов' в шапке страницы", "status": "passed", "start": 1737885989817, "stop": 1737885989900}, {"name": "Получение значения счётчика заказов на странице 'Лента заказов'", "status": "passed", "start": 1737885989900, "stop": 1737885990950}, {"name": "Клик по кнопке 'Конструктор' в шапке страницы", "status": "passed", "start": 1737885990951, "stop": 1737885990995}, {"name": "Перемещение булки в зону создания бургера", "status": "passed", "start": 1737885990995, "stop": 1737885991578}, {"name": "Перемещение соуса в зону создания бургера", "status": "broken", "statusDetails": {"message": "selenium.common.exceptions.TimeoutException: Message: \nStacktrace:\nRemoteError@chrome://remote/content/shared/RemoteError.sys.mjs:8:8\nWebDriverError@chrome://remote/content/shared/webdriver/Errors.sys.mjs:193:5\nNoSuchElementError@chrome://remote/content/shared/webdriver/Errors.sys.mjs:511:5\ndom.find/</<@chrome://remote/content/shared/DOM.sys.mjs:136:16\n\n", "trace": "  File \"C:\\Users\\User\\PycharmProjects\\Diplom\\.venv\\Lib\\site-packages\\allure_commons\\_allure.py\", line 192, in impl\n    return func(*a, **kw)\n           ^^^^^^^^^^^^^^\n  File \"C:\\Users\\User\\PycharmProjects\\Diplom\\Diplom3\\pages\\main_page.py\", line 40, in add_sauce_in_order\n    target = self.wait_and_find_element(MainPageLocators.BURGER_ORDER)\n             ^^^^^^^^^^^^^^^^^^^^^^^^^^^^^^^^^^^^^^^^^^^^^^^^^^^^^^^^^\n  File \"C:\\Users\\User\\PycharmProjects\\Diplom\\Diplom3\\pages\\base_page.py\", line 20, in wait_and_find_element\n    WebDriverWait(self.driver, 10).until(expected_conditions.visibility_of_element_located(locator))\n  File \"C:\\Users\\User\\PycharmProjects\\Diplom\\.venv\\Lib\\site-packages\\selenium\\webdriver\\support\\wait.py\", line 105, in until\n    raise TimeoutException(message, screen, stacktrace)\n"}, "start": 1737885991578, "stop": 1737886001786}], "parameters": [{"name": "driver", "value": "'firefox'"}], "start": 1737885988565, "stop": 1737886001786, "uuid": "b680c234-f228-4836-96b1-435e3e62ccb7", "historyId": "85db9ad526a43e63bd910274ff1ab1bd", "testCaseId": "53d7c2daaeeb9ec49264465d565feeb8", "fullName": "tests.test_order_page.TestOrderPage#test_order_counter_increases_when_new_order_is_placed_success", "labels": [{"name": "parentSuite", "value": "tests"}, {"name": "suite", "value": "test_order_page"}, {"name": "subSuite", "value": "TestOrderPage"}, {"name": "host", "value": "01ms32"}, {"name": "thread", "value": "9316-MainThread"}, {"name": "framework", "value": "pytest"}, {"name": "language", "value": "cpython3"}, {"name": "package", "value": "tests.test_order_page"}]}