{"name": "Проверка успешного оформления заказа авторизованным пользователем", "status": "broken", "statusDetails": {"message": "selenium.common.exceptions.TimeoutException: Message: \nStacktrace:\n\tGetHandleVerifier [0x00007FF70FAAFBE5+28741]\n\t(No symbol) [0x00007FF70FA17890]\n\t(No symbol) [0x00007FF70F8B4FDA]\n\t(No symbol) [0x00007FF70F909322]\n\t(No symbol) [0x00007FF70F90954C]\n\t(No symbol) [0x00007FF70F953337]\n\t(No symbol) [0x00007FF70F92FF4F]\n\t(No symbol) [0x00007FF70F9500B4]\n\t(No symbol) [0x00007FF70F92FCB3]\n\t(No symbol) [0x00007FF70F8F9FB3]\n\t(No symbol) [0x00007FF70F8FB331]\n\tGetHandleVerifier [0x00007FF70FDEA73D+3414941]\n\tGetHandleVerifier [0x00007FF70FDFE64A+3496618]\n\tGetHandleVerifier [0x00007FF70FDF413D+3454365]\n\tGetHandleVerifier [0x00007FF70FB7848B+850155]\n\t(No symbol) [0x00007FF70FA237FF]\n\t(No symbol) [0x00007FF70FA1F0C4]\n\t(No symbol) [0x00007FF70FA1F25D]\n\t(No symbol) [0x00007FF70FA0E079]\n\tBaseThreadInitThunk [0x00007FFA81657374+20]\n\tRtlUserThreadStart [0x00007FFA81D3CC91+33]", "trace": "self = <tests.test_main_page.TestMainPage object at 0x000001BC53173200>, driver = <selenium.webdriver.chrome.webdriver.WebDriver (session=\"66230dade75cf3080a43897ceef0ab39\")>\n\n    @allure.title(\"Проверка успешного оформления заказа авторизованным пользователем\")\n    @allure.description(\"Авторизованный пользователь может успешно оформить заказ\")\n    def test_authorized_user_create_order_success(self, driver):\n        user_data = stellar_burgers_api.create_user_body()\n        user_response = stellar_burgers_api.create_user(user_data)\n        main_page = MainPage(driver)\n        main_page.open()\n        email = main_page.get_user_email(user_data)\n        password = main_page.get_user_password(user_data)\n        main_page.click_account_button()\n    \n        personal_account_page = PersonalAccountPage(driver)\n        personal_account_page.set_email(email)\n        personal_account_page.set_password(password)\n        personal_account_page.click_enter_button()\n    \n        main_page.find_main_page_title()\n>       main_page.add_bun_in_order()\n\ntests\\test_main_page.py:74: \n_ _ _ _ _ _ _ _ _ _ _ _ _ _ _ _ _ _ _ _ _ _ _ _ _ _ _ _ _ _ _ _ _ _ _ _ _ _ _ _ _ _ _ _ _ _ _ _ _ _ _ _ _ _ _ _ _ _ _ _ _ _ _ _ _ _ _ _ _ _ _ _ _ _ _ _ _ _ _ _ _ _ _ _ _ _ _ _ \npages\\main_page.py:34: in add_bun_in_order\n    source = self.wait_and_find_element(MainPageLocators.BUN_INGREDIENT)\npages\\base_page.py:11: in wait_and_find_element\n    WebDriverWait(self.driver, 5).until(expected_conditions.visibility_of_element_located(locator))\n_ _ _ _ _ _ _ _ _ _ _ _ _ _ _ _ _ _ _ _ _ _ _ _ _ _ _ _ _ _ _ _ _ _ _ _ _ _ _ _ _ _ _ _ _ _ _ _ _ _ _ _ _ _ _ _ _ _ _ _ _ _ _ _ _ _ _ _ _ _ _ _ _ _ _ _ _ _ _ _ _ _ _ _ _ _ _ _ \n\nself = <selenium.webdriver.support.wait.WebDriverWait (session=\"66230dade75cf3080a43897ceef0ab39\")>\nmethod = <function visibility_of_element_located.<locals>._predicate at 0x000001BC53187EC0>, message = ''\n\n    def until(self, method: Callable[[D], Union[Literal[False], T]], message: str = \"\") -> T:\n        \"\"\"Calls the method provided with the driver as an argument until the \\\n        return value does not evaluate to ``False``.\n    \n        :param method: callable(WebDriver)\n        :param message: optional message for :exc:`TimeoutException`\n        :returns: the result of the last call to `method`\n        :raises: :exc:`selenium.common.exceptions.TimeoutException` if timeout occurs\n        \"\"\"\n        screen = None\n        stacktrace = None\n    \n        end_time = time.monotonic() + self._timeout\n        while True:\n            try:\n                value = method(self._driver)\n                if value:\n                    return value\n            except self._ignored_exceptions as exc:\n                screen = getattr(exc, \"screen\", None)\n                stacktrace = getattr(exc, \"stacktrace\", None)\n            if time.monotonic() > end_time:\n                break\n            time.sleep(self._poll)\n>       raise TimeoutException(message, screen, stacktrace)\nE       selenium.common.exceptions.TimeoutException: Message: \nE       Stacktrace:\nE       \tGetHandleVerifier [0x00007FF70FAAFBE5+28741]\nE       \t(No symbol) [0x00007FF70FA17890]\nE       \t(No symbol) [0x00007FF70F8B4FDA]\nE       \t(No symbol) [0x00007FF70F909322]\nE       \t(No symbol) [0x00007FF70F90954C]\nE       \t(No symbol) [0x00007FF70F953337]\nE       \t(No symbol) [0x00007FF70F92FF4F]\nE       \t(No symbol) [0x00007FF70F9500B4]\nE       \t(No symbol) [0x00007FF70F92FCB3]\nE       \t(No symbol) [0x00007FF70F8F9FB3]\nE       \t(No symbol) [0x00007FF70F8FB331]\nE       \tGetHandleVerifier [0x00007FF70FDEA73D+3414941]\nE       \tGetHandleVerifier [0x00007FF70FDFE64A+3496618]\nE       \tGetHandleVerifier [0x00007FF70FDF413D+3454365]\nE       \tGetHandleVerifier [0x00007FF70FB7848B+850155]\nE       \t(No symbol) [0x00007FF70FA237FF]\nE       \t(No symbol) [0x00007FF70FA1F0C4]\nE       \t(No symbol) [0x00007FF70FA1F25D]\nE       \t(No symbol) [0x00007FF70FA0E079]\nE       \tBaseThreadInitThunk [0x00007FFA81657374+20]\nE       \tRtlUserThreadStart [0x00007FFA81D3CC91+33]\n\n..\\.venv\\Lib\\site-packages\\selenium\\webdriver\\support\\wait.py:105: TimeoutException"}, "description": "Авторизованный пользователь может успешно оформить заказ", "steps": [{"name": "Создание тела запроса создания юзера: email, password, name", "status": "passed", "start": 1737449564142, "stop": 1737449564142}, {"name": "Создание пользователя в приложении Stellar burger", "status": "passed", "parameters": [{"name": "user_data", "value": "{'email': 'gtdgt@myandex.ru', 'password': 'tkkdmdttwy', 'name': 'pbdvuplzib'}"}], "start": 1737449564142, "stop": 1737449564371}, {"name": "Открытие в браузере страницы 'Stellar Burger'", "status": "passed", "start": 1737449564371, "stop": 1737449564542}, {"name": "Получение эмейла для авторизации из сгенерированных данных", "status": "passed", "parameters": [{"name": "user_response", "value": "{'email': 'gtdgt@myandex.ru', 'password': 'tkkdmdttwy', 'name': 'pbdvuplzib'}"}], "start": 1737449564542, "stop": 1737449564542}, {"name": "Получение пароля для авторизации из сгенерированных данных", "status": "passed", "parameters": [{"name": "user_response", "value": "{'email': 'gtdgt@myandex.ru', 'password': 'tkkdmdttwy', 'name': 'pbdvuplzib'}"}], "start": 1737449564542, "stop": 1737449564542}, {"name": "Клик по кнопке 'Личный кабинет' в шапке страницы", "status": "passed", "start": 1737449564542, "stop": 1737449564641}, {"name": "Ввод почты в поле email", "status": "passed", "parameters": [{"name": "email", "value": "'gtdgt@myandex.ru'"}], "start": 1737449564641, "stop": 1737449564838}, {"name": "Ввод пароля в поле 'Пароль'", "status": "passed", "parameters": [{"name": "password", "value": "'tkkdmdttwy'"}], "start": 1737449564838, "stop": 1737449564928}, {"name": "Авторизация кликом по кнопке 'Войти'", "status": "passed", "start": 1737449564928, "stop": 1737449564962}, {"name": "Открытие Главной страницы", "status": "passed", "start": 1737449564962, "stop": 1737449565499}, {"name": "Перемещение булки в зону создания бургера", "status": "broken", "statusDetails": {"message": "selenium.common.exceptions.TimeoutException: Message: \nStacktrace:\n\tGetHandleVerifier [0x00007FF70FAAFBE5+28741]\n\t(No symbol) [0x00007FF70FA17890]\n\t(No symbol) [0x00007FF70F8B4FDA]\n\t(No symbol) [0x00007FF70F909322]\n\t(No symbol) [0x00007FF70F90954C]\n\t(No symbol) [0x00007FF70F953337]\n\t(No symbol) [0x00007FF70F92FF4F]\n\t(No symbol) [0x00007FF70F9500B4]\n\t(No symbol) [0x00007FF70F92FCB3]\n\t(No symbol) [0x00007FF70F8F9FB3]\n\t(No symbol) [0x00007FF70F8FB331]\n\tGetHandleVerifier [0x00007FF70FDEA73D+3414941]\n\tGetHandleVerifier [0x00007FF70FDFE64A+3496618]\n\tGetHandleVerifier [0x00007FF70FDF413D+3454365]\n\tGetHandleVerifier [0x00007FF70FB7848B+850155]\n\t(No symbol) [0x00007FF70FA237FF]\n\t(No symbol) [0x00007FF70FA1F0C4]\n\t(No symbol) [0x00007FF70FA1F25D]\n\t(No symbol) [0x00007FF70FA0E079]\n\tBaseThreadInitThunk [0x00007FFA81657374+20]\n\tRtlUserThreadStart [0x00007FFA81D3CC91+33]\n\n", "trace": "  File \"C:\\Users\\User\\PycharmProjects\\Diplom\\.venv\\Lib\\site-packages\\allure_commons\\_allure.py\", line 192, in impl\n    return func(*a, **kw)\n           ^^^^^^^^^^^^^^\n  File \"C:\\Users\\User\\PycharmProjects\\Diplom\\Diplom3\\pages\\main_page.py\", line 34, in add_bun_in_order\n    source = self.wait_and_find_element(MainPageLocators.BUN_INGREDIENT)\n             ^^^^^^^^^^^^^^^^^^^^^^^^^^^^^^^^^^^^^^^^^^^^^^^^^^^^^^^^^^^\n  File \"C:\\Users\\User\\PycharmProjects\\Diplom\\Diplom3\\pages\\base_page.py\", line 11, in wait_and_find_element\n    WebDriverWait(self.driver, 5).until(expected_conditions.visibility_of_element_located(locator))\n  File \"C:\\Users\\User\\PycharmProjects\\Diplom\\.venv\\Lib\\site-packages\\selenium\\webdriver\\support\\wait.py\", line 105, in until\n    raise TimeoutException(message, screen, stacktrace)\n"}, "start": 1737449565500, "stop": 1737449570643}], "parameters": [{"name": "driver", "value": "'chrome'"}], "start": 1737449564142, "stop": 1737449570644, "uuid": "939e189e-7817-440c-bcd6-b18a9bc16651", "historyId": "870a14bb811529675883e846f06dfdae", "testCaseId": "6ee7c1362cd0dc105ae94266b585d060", "fullName": "tests.test_main_page.TestMainPage#test_authorized_user_create_order_success", "labels": [{"name": "parentSuite", "value": "tests"}, {"name": "suite", "value": "test_main_page"}, {"name": "subSuite", "value": "TestMainPage"}, {"name": "host", "value": "01ms32"}, {"name": "thread", "value": "9524-MainThread"}, {"name": "framework", "value": "pytest"}, {"name": "language", "value": "cpython3"}, {"name": "package", "value": "tests.test_main_page"}]}