{"name": "Проверка изменения количества ингредиента в счётчике при добавлении ингредиента в бургер", "status": "failed", "statusDetails": {"message": "AssertionError: assert ('0' == '0'\n  \n    0 and '0' == '2'\n  \n  - 2\n  + 0)", "trace": "self = <tests.test_main_page.TestMainPage object at 0x000001A449973530>\ndriver = <selenium.webdriver.firefox.webdriver.WebDriver (session=\"6dda49c1-1391-41a4-a446-a6aa6f140f90\")>\n\n    @allure.title(\"Проверка изменения количества ингредиента в счётчике при добавлении ингредиента в бургер\")\n    @allure.description(\"Проверка изменения счётчика ингредиента при добавлении его в конструктор бургера\")\n    def test_change_counter_add_constructor_success(self, driver):\n        main_page = MainPage(driver)\n        main_page.open()\n        count_before = main_page.get_count_ingredient()\n        main_page.add_bun_in_order()\n        count_after = main_page.get_count_ingredient()\n>       assert count_before == '0' and count_after == '2'\nE       AssertionError: assert ('0' == '0'\nE         \nE           0 and '0' == '2'\nE         \nE         - 2\nE         + 0)\n\ntests\\test_main_page.py:55: AssertionError"}, "description": "Проверка изменения счётчика ингредиента при добавлении его в конструктор бургера", "steps": [{"name": "Открытие в браузере страницы 'Stellar Burger'", "status": "passed", "start": 1737450935532, "stop": 1737450935762}, {"name": "Получение количества ингредиентов из счётчика", "status": "passed", "start": 1737450935762, "stop": 1737450936341}, {"name": "Перемещение булки в зону создания бургера", "status": "passed", "start": 1737450936341, "stop": 1737450936377}, {"name": "Получение количества ингредиентов из счётчика", "status": "passed", "start": 1737450936377, "stop": 1737450936392}], "parameters": [{"name": "driver", "value": "'firefox'"}], "start": 1737450935532, "stop": 1737450936392, "uuid": "7103a15a-464d-4f20-854a-308fc99d711a", "historyId": "54b2d0eaabbe8104480e6ee99a6ba56d", "testCaseId": "3e2eb7c7267bbeb412ee45e9db6f6e65", "fullName": "tests.test_main_page.TestMainPage#test_change_counter_add_constructor_success", "labels": [{"name": "parentSuite", "value": "tests"}, {"name": "suite", "value": "test_main_page"}, {"name": "subSuite", "value": "TestMainPage"}, {"name": "host", "value": "01ms32"}, {"name": "thread", "value": "25784-MainThread"}, {"name": "framework", "value": "pytest"}, {"name": "language", "value": "cpython3"}, {"name": "package", "value": "tests.test_main_page"}]}