{"name": "Проверка изменения количества ингредиента в счётчике при добавлении ингредиента в бургер", "status": "broken", "statusDetails": {"message": "selenium.common.exceptions.TimeoutException: Message: \nStacktrace:\n\tGetHandleVerifier [0x00007FF70FAAFBE5+28741]\n\t(No symbol) [0x00007FF70FA17890]\n\t(No symbol) [0x00007FF70F8B4FDA]\n\t(No symbol) [0x00007FF70F909322]\n\t(No symbol) [0x00007FF70F90954C]\n\t(No symbol) [0x00007FF70F953337]\n\t(No symbol) [0x00007FF70F92FF4F]\n\t(No symbol) [0x00007FF70F9500B4]\n\t(No symbol) [0x00007FF70F92FCB3]\n\t(No symbol) [0x00007FF70F8F9FB3]\n\t(No symbol) [0x00007FF70F8FB331]\n\tGetHandleVerifier [0x00007FF70FDEA73D+3414941]\n\tGetHandleVerifier [0x00007FF70FDFE64A+3496618]\n\tGetHandleVerifier [0x00007FF70FDF413D+3454365]\n\tGetHandleVerifier [0x00007FF70FB7848B+850155]\n\t(No symbol) [0x00007FF70FA237FF]\n\t(No symbol) [0x00007FF70FA1F0C4]\n\t(No symbol) [0x00007FF70FA1F25D]\n\t(No symbol) [0x00007FF70FA0E079]\n\tBaseThreadInitThunk [0x00007FFA81657374+20]\n\tRtlUserThreadStart [0x00007FFA81D3CC91+33]", "trace": "self = <tests.test_main_page.TestMainPage object at 0x000001BC53172F30>, driver = <selenium.webdriver.chrome.webdriver.WebDriver (session=\"d1ea5cb27e00d150e72ec18e91005d09\")>\n\n    @allure.title(\"Проверка изменения количества ингредиента в счётчике при добавлении ингредиента в бургер\")\n    @allure.description(\"Проверка изменения счётчика ингредиента при добавлении его в конструктор бургера\")\n    def test_change_counter_add_constructor_success(self, driver):\n        main_page = MainPage(driver)\n        main_page.open()\n        count_before = main_page.get_count_ingredient()\n>       main_page.add_bun_in_order()\n\ntests\\test_main_page.py:53: \n_ _ _ _ _ _ _ _ _ _ _ _ _ _ _ _ _ _ _ _ _ _ _ _ _ _ _ _ _ _ _ _ _ _ _ _ _ _ _ _ _ _ _ _ _ _ _ _ _ _ _ _ _ _ _ _ _ _ _ _ _ _ _ _ _ _ _ _ _ _ _ _ _ _ _ _ _ _ _ _ _ _ _ _ _ _ _ _ \npages\\main_page.py:34: in add_bun_in_order\n    source = self.wait_and_find_element(MainPageLocators.BUN_INGREDIENT)\npages\\base_page.py:11: in wait_and_find_element\n    WebDriverWait(self.driver, 5).until(expected_conditions.visibility_of_element_located(locator))\n_ _ _ _ _ _ _ _ _ _ _ _ _ _ _ _ _ _ _ _ _ _ _ _ _ _ _ _ _ _ _ _ _ _ _ _ _ _ _ _ _ _ _ _ _ _ _ _ _ _ _ _ _ _ _ _ _ _ _ _ _ _ _ _ _ _ _ _ _ _ _ _ _ _ _ _ _ _ _ _ _ _ _ _ _ _ _ _ \n\nself = <selenium.webdriver.support.wait.WebDriverWait (session=\"d1ea5cb27e00d150e72ec18e91005d09\")>\nmethod = <function visibility_of_element_located.<locals>._predicate at 0x000001BC531D8AE0>, message = ''\n\n    def until(self, method: Callable[[D], Union[Literal[False], T]], message: str = \"\") -> T:\n        \"\"\"Calls the method provided with the driver as an argument until the \\\n        return value does not evaluate to ``False``.\n    \n        :param method: callable(WebDriver)\n        :param message: optional message for :exc:`TimeoutException`\n        :returns: the result of the last call to `method`\n        :raises: :exc:`selenium.common.exceptions.TimeoutException` if timeout occurs\n        \"\"\"\n        screen = None\n        stacktrace = None\n    \n        end_time = time.monotonic() + self._timeout\n        while True:\n            try:\n                value = method(self._driver)\n                if value:\n                    return value\n            except self._ignored_exceptions as exc:\n                screen = getattr(exc, \"screen\", None)\n                stacktrace = getattr(exc, \"stacktrace\", None)\n            if time.monotonic() > end_time:\n                break\n            time.sleep(self._poll)\n>       raise TimeoutException(message, screen, stacktrace)\nE       selenium.common.exceptions.TimeoutException: Message: \nE       Stacktrace:\nE       \tGetHandleVerifier [0x00007FF70FAAFBE5+28741]\nE       \t(No symbol) [0x00007FF70FA17890]\nE       \t(No symbol) [0x00007FF70F8B4FDA]\nE       \t(No symbol) [0x00007FF70F909322]\nE       \t(No symbol) [0x00007FF70F90954C]\nE       \t(No symbol) [0x00007FF70F953337]\nE       \t(No symbol) [0x00007FF70F92FF4F]\nE       \t(No symbol) [0x00007FF70F9500B4]\nE       \t(No symbol) [0x00007FF70F92FCB3]\nE       \t(No symbol) [0x00007FF70F8F9FB3]\nE       \t(No symbol) [0x00007FF70F8FB331]\nE       \tGetHandleVerifier [0x00007FF70FDEA73D+3414941]\nE       \tGetHandleVerifier [0x00007FF70FDFE64A+3496618]\nE       \tGetHandleVerifier [0x00007FF70FDF413D+3454365]\nE       \tGetHandleVerifier [0x00007FF70FB7848B+850155]\nE       \t(No symbol) [0x00007FF70FA237FF]\nE       \t(No symbol) [0x00007FF70FA1F0C4]\nE       \t(No symbol) [0x00007FF70FA1F25D]\nE       \t(No symbol) [0x00007FF70FA0E079]\nE       \tBaseThreadInitThunk [0x00007FFA81657374+20]\nE       \tRtlUserThreadStart [0x00007FFA81D3CC91+33]\n\n..\\.venv\\Lib\\site-packages\\selenium\\webdriver\\support\\wait.py:105: TimeoutException"}, "description": "Проверка изменения счётчика ингредиента при добавлении его в конструктор бургера", "steps": [{"name": "Открытие в браузере страницы 'Stellar Burger'", "status": "passed", "start": 1737449511090, "stop": 1737449511259}, {"name": "Получение количества ингредиентов из счётчика", "status": "passed", "start": 1737449511259, "stop": 1737449511846}, {"name": "Перемещение булки в зону создания бургера", "status": "broken", "statusDetails": {"message": "selenium.common.exceptions.TimeoutException: Message: \nStacktrace:\n\tGetHandleVerifier [0x00007FF70FAAFBE5+28741]\n\t(No symbol) [0x00007FF70FA17890]\n\t(No symbol) [0x00007FF70F8B4FDA]\n\t(No symbol) [0x00007FF70F909322]\n\t(No symbol) [0x00007FF70F90954C]\n\t(No symbol) [0x00007FF70F953337]\n\t(No symbol) [0x00007FF70F92FF4F]\n\t(No symbol) [0x00007FF70F9500B4]\n\t(No symbol) [0x00007FF70F92FCB3]\n\t(No symbol) [0x00007FF70F8F9FB3]\n\t(No symbol) [0x00007FF70F8FB331]\n\tGetHandleVerifier [0x00007FF70FDEA73D+3414941]\n\tGetHandleVerifier [0x00007FF70FDFE64A+3496618]\n\tGetHandleVerifier [0x00007FF70FDF413D+3454365]\n\tGetHandleVerifier [0x00007FF70FB7848B+850155]\n\t(No symbol) [0x00007FF70FA237FF]\n\t(No symbol) [0x00007FF70FA1F0C4]\n\t(No symbol) [0x00007FF70FA1F25D]\n\t(No symbol) [0x00007FF70FA0E079]\n\tBaseThreadInitThunk [0x00007FFA81657374+20]\n\tRtlUserThreadStart [0x00007FFA81D3CC91+33]\n\n", "trace": "  File \"C:\\Users\\User\\PycharmProjects\\Diplom\\.venv\\Lib\\site-packages\\allure_commons\\_allure.py\", line 192, in impl\n    return func(*a, **kw)\n           ^^^^^^^^^^^^^^\n  File \"C:\\Users\\User\\PycharmProjects\\Diplom\\Diplom3\\pages\\main_page.py\", line 34, in add_bun_in_order\n    source = self.wait_and_find_element(MainPageLocators.BUN_INGREDIENT)\n             ^^^^^^^^^^^^^^^^^^^^^^^^^^^^^^^^^^^^^^^^^^^^^^^^^^^^^^^^^^^\n  File \"C:\\Users\\User\\PycharmProjects\\Diplom\\Diplom3\\pages\\base_page.py\", line 11, in wait_and_find_element\n    WebDriverWait(self.driver, 5).until(expected_conditions.visibility_of_element_located(locator))\n  File \"C:\\Users\\User\\PycharmProjects\\Diplom\\.venv\\Lib\\site-packages\\selenium\\webdriver\\support\\wait.py\", line 105, in until\n    raise TimeoutException(message, screen, stacktrace)\n"}, "start": 1737449511846, "stop": 1737449517096}], "parameters": [{"name": "driver", "value": "'chrome'"}], "start": 1737449511090, "stop": 1737449517100, "uuid": "a4b193a3-fc0e-44db-a763-2ac71f6cba0f", "historyId": "8d15a462f7785300a34c1651eeaa0a66", "testCaseId": "3e2eb7c7267bbeb412ee45e9db6f6e65", "fullName": "tests.test_main_page.TestMainPage#test_change_counter_add_constructor_success", "labels": [{"name": "parentSuite", "value": "tests"}, {"name": "suite", "value": "test_main_page"}, {"name": "subSuite", "value": "TestMainPage"}, {"name": "host", "value": "01ms32"}, {"name": "thread", "value": "9524-MainThread"}, {"name": "framework", "value": "pytest"}, {"name": "language", "value": "cpython3"}, {"name": "package", "value": "tests.test_main_page"}]}