{"name": "Проверка увеличения значения счётчика 'Выполнено за сегодня' на экране 'Лента заказов'", "status": "broken", "statusDetails": {"message": "selenium.common.exceptions.TimeoutException: Message: \nStacktrace:\nRemoteError@chrome://remote/content/shared/RemoteError.sys.mjs:8:8\nWebDriverError@chrome://remote/content/shared/webdriver/Errors.sys.mjs:193:5\nNoSuchElementError@chrome://remote/content/shared/webdriver/Errors.sys.mjs:511:5\ndom.find/</<@chrome://remote/content/shared/DOM.sys.mjs:136:16", "trace": "self = <tests.test_order_page.TestOrderPage object at 0x000001BC5319C5F0>\ndriver = <selenium.webdriver.firefox.webdriver.WebDriver (session=\"c708d78d-24cb-4d01-8a85-bd6f6b1008b9\")>\n\n    @allure.title(\"Проверка увеличения значения счётчика 'Выполнено за сегодня' на экране 'Лента заказов'\")\n    @allure.description(\n        \"Создаём заказ и проверяем что счётчик выполненных заказов за сегодня, на экране 'Лента заказов', увеличивается на 1\")\n    def test_order_counter_today_increases_when_new_order_is_placed_success(self, driver):\n        # Создаём и авторизуем нового пользователя\n        user_data = stellar_burgers_api.create_user_body()\n        user_response = stellar_burgers_api.create_user(user_data)\n        main_page = MainPage(driver)\n        main_page.open()\n        email = main_page.get_user_email(user_data)\n        password = main_page.get_user_password(user_data)\n        main_page.click_account_button()\n        personal_account_page = PersonalAccountPage(driver)\n        personal_account_page.set_email(email)\n        personal_account_page.set_password(password)\n        personal_account_page.click_enter_button()\n        main_page.find_main_page_title()\n        # Получаем значение счётчика выполненных за сегодня заказов на странице \"Лента заказов\"\n        main_page.click_list_order_button()\n        order_page = OrderPage(driver)\n        counter_before = order_page.get_orders_counter_today()\n        # Переходим в конструктор и создаём заказ\n        order_page.click_constructor_button()\n>       main_page.add_bun_in_order()\n\ntests\\test_order_page.py:114: \n_ _ _ _ _ _ _ _ _ _ _ _ _ _ _ _ _ _ _ _ _ _ _ _ _ _ _ _ _ _ _ _ _ _ _ _ _ _ _ _ _ _ _ _ _ _ _ _ _ _ _ _ _ _ _ _ _ _ _ _ _ _ _ _ _ _ _ _ _ _ _ _ _ _ _ _ _ _ _ _ _ _ _ _ _ _ _ _ \npages\\main_page.py:34: in add_bun_in_order\n    source = self.wait_and_find_element(MainPageLocators.BUN_INGREDIENT)\npages\\base_page.py:11: in wait_and_find_element\n    WebDriverWait(self.driver, 5).until(expected_conditions.visibility_of_element_located(locator))\n_ _ _ _ _ _ _ _ _ _ _ _ _ _ _ _ _ _ _ _ _ _ _ _ _ _ _ _ _ _ _ _ _ _ _ _ _ _ _ _ _ _ _ _ _ _ _ _ _ _ _ _ _ _ _ _ _ _ _ _ _ _ _ _ _ _ _ _ _ _ _ _ _ _ _ _ _ _ _ _ _ _ _ _ _ _ _ _ \n\nself = <selenium.webdriver.support.wait.WebDriverWait (session=\"c708d78d-24cb-4d01-8a85-bd6f6b1008b9\")>\nmethod = <function visibility_of_element_located.<locals>._predicate at 0x000001BC532A4B80>, message = ''\n\n    def until(self, method: Callable[[D], Union[Literal[False], T]], message: str = \"\") -> T:\n        \"\"\"Calls the method provided with the driver as an argument until the \\\n        return value does not evaluate to ``False``.\n    \n        :param method: callable(WebDriver)\n        :param message: optional message for :exc:`TimeoutException`\n        :returns: the result of the last call to `method`\n        :raises: :exc:`selenium.common.exceptions.TimeoutException` if timeout occurs\n        \"\"\"\n        screen = None\n        stacktrace = None\n    \n        end_time = time.monotonic() + self._timeout\n        while True:\n            try:\n                value = method(self._driver)\n                if value:\n                    return value\n            except self._ignored_exceptions as exc:\n                screen = getattr(exc, \"screen\", None)\n                stacktrace = getattr(exc, \"stacktrace\", None)\n            if time.monotonic() > end_time:\n                break\n            time.sleep(self._poll)\n>       raise TimeoutException(message, screen, stacktrace)\nE       selenium.common.exceptions.TimeoutException: Message: \nE       Stacktrace:\nE       RemoteError@chrome://remote/content/shared/RemoteError.sys.mjs:8:8\nE       WebDriverError@chrome://remote/content/shared/webdriver/Errors.sys.mjs:193:5\nE       NoSuchElementError@chrome://remote/content/shared/webdriver/Errors.sys.mjs:511:5\nE       dom.find/</<@chrome://remote/content/shared/DOM.sys.mjs:136:16\n\n..\\.venv\\Lib\\site-packages\\selenium\\webdriver\\support\\wait.py:105: TimeoutException"}, "description": "Создаём заказ и проверяем что счётчик выполненных заказов за сегодня, на экране 'Лента заказов', увеличивается на 1", "steps": [{"name": "Создание тела запроса создания юзера: email, password, name", "status": "passed", "start": 1737449751364, "stop": 1737449751365}, {"name": "Создание пользователя в приложении Stellar burger", "status": "passed", "parameters": [{"name": "user_data", "value": "{'email': 'pjegh@myandex.ru', 'password': 'kbqyyzevxm', 'name': 'qfguuheinf'}"}], "start": 1737449751365, "stop": 1737449751610}, {"name": "Открытие в браузере страницы 'Stellar Burger'", "status": "passed", "start": 1737449751610, "stop": 1737449751937}, {"name": "Получение эмейла для авторизации из сгенерированных данных", "status": "passed", "parameters": [{"name": "user_response", "value": "{'email': 'pjegh@myandex.ru', 'password': 'kbqyyzevxm', 'name': 'qfguuheinf'}"}], "start": 1737449751938, "stop": 1737449751938}, {"name": "Получение пароля для авторизации из сгенерированных данных", "status": "passed", "parameters": [{"name": "user_response", "value": "{'email': 'pjegh@myandex.ru', 'password': 'kbqyyzevxm', 'name': 'qfguuheinf'}"}], "start": 1737449751938, "stop": 1737449751938}, {"name": "Клик по кнопке 'Личный кабинет' в шапке страницы", "status": "passed", "start": 1737449751938, "stop": 1737449752226}, {"name": "Ввод почты в поле email", "status": "passed", "parameters": [{"name": "email", "value": "'pjegh@myandex.ru'"}], "start": 1737449752226, "stop": 1737449752453}, {"name": "Ввод пароля в поле 'Пароль'", "status": "passed", "parameters": [{"name": "password", "value": "'kbqyyzevxm'"}], "start": 1737449752453, "stop": 1737449752525}, {"name": "Авторизация кликом по кнопке 'Войти'", "status": "passed", "start": 1737449752525, "stop": 1737449752582}, {"name": "Открытие Главной страницы", "status": "passed", "start": 1737449752582, "stop": 1737449753137}, {"name": "Клик по кнопке 'Лента заказов' в шапке страницы", "status": "passed", "start": 1737449753137, "stop": 1737449753185}, {"name": "Получение значения счётчика заказов 'Выполнено за сегодня' на странице 'Лента заказов'", "status": "passed", "start": 1737449753185, "stop": 1737449754214}, {"name": "Клик по кнопке 'Конструктор' в шапке страницы", "status": "passed", "start": 1737449754214, "stop": 1737449754253}, {"name": "Перемещение булки в зону создания бургера", "status": "broken", "statusDetails": {"message": "selenium.common.exceptions.TimeoutException: Message: \nStacktrace:\nRemoteError@chrome://remote/content/shared/RemoteError.sys.mjs:8:8\nWebDriverError@chrome://remote/content/shared/webdriver/Errors.sys.mjs:193:5\nNoSuchElementError@chrome://remote/content/shared/webdriver/Errors.sys.mjs:511:5\ndom.find/</<@chrome://remote/content/shared/DOM.sys.mjs:136:16\n\n", "trace": "  File \"C:\\Users\\User\\PycharmProjects\\Diplom\\.venv\\Lib\\site-packages\\allure_commons\\_allure.py\", line 192, in impl\n    return func(*a, **kw)\n           ^^^^^^^^^^^^^^\n  File \"C:\\Users\\User\\PycharmProjects\\Diplom\\Diplom3\\pages\\main_page.py\", line 34, in add_bun_in_order\n    source = self.wait_and_find_element(MainPageLocators.BUN_INGREDIENT)\n             ^^^^^^^^^^^^^^^^^^^^^^^^^^^^^^^^^^^^^^^^^^^^^^^^^^^^^^^^^^^\n  File \"C:\\Users\\User\\PycharmProjects\\Diplom\\Diplom3\\pages\\base_page.py\", line 11, in wait_and_find_element\n    WebDriverWait(self.driver, 5).until(expected_conditions.visibility_of_element_located(locator))\n  File \"C:\\Users\\User\\PycharmProjects\\Diplom\\.venv\\Lib\\site-packages\\selenium\\webdriver\\support\\wait.py\", line 105, in until\n    raise TimeoutException(message, screen, stacktrace)\n"}, "start": 1737449754253, "stop": 1737449759302}], "parameters": [{"name": "driver", "value": "'firefox'"}], "start": 1737449751364, "stop": 1737449759303, "uuid": "27c314f9-2b5f-4ee6-a16e-26a291a6ee73", "historyId": "03d994d0f04b85b90c39daf3a5f62fde", "testCaseId": "3083110c1b47ab3f3a44f4c3e8dd7f41", "fullName": "tests.test_order_page.TestOrderPage#test_order_counter_today_increases_when_new_order_is_placed_success", "labels": [{"name": "parentSuite", "value": "tests"}, {"name": "suite", "value": "test_order_page"}, {"name": "subSuite", "value": "TestOrderPage"}, {"name": "host", "value": "01ms32"}, {"name": "thread", "value": "9524-MainThread"}, {"name": "framework", "value": "pytest"}, {"name": "language", "value": "cpython3"}, {"name": "package", "value": "tests.test_order_page"}]}