{"name": "Проверка появления номера нового заказа на экране 'Лента заказов'", "status": "broken", "statusDetails": {"message": "selenium.common.exceptions.TimeoutException: Message: \nStacktrace:\n\tGetHandleVerifier [0x00007FF73D65CC05+28741]\n\t(No symbol) [0x00007FF73D5BFED0]\n\t(No symbol) [0x00007FF73D454FBA]\n\t(No symbol) [0x00007FF73D4A9256]\n\t(No symbol) [0x00007FF73D4A948C]\n\t(No symbol) [0x00007FF73D4F3267]\n\t(No symbol) [0x00007FF73D4CFE6F]\n\t(No symbol) [0x00007FF73D4EFFE1]\n\t(No symbol) [0x00007FF73D4CFBD3]\n\t(No symbol) [0x00007FF73D499F43]\n\t(No symbol) [0x00007FF73D49B2D1]\n\tGetHandleVerifier [0x00007FF73D98DE3D+3375741]\n\tGetHandleVerifier [0x00007FF73D9A096A+3452330]\n\tGetHandleVerifier [0x00007FF73D99671D+3410781]\n\tGetHandleVerifier [0x00007FF73D72653B+854395]\n\t(No symbol) [0x00007FF73D5CBE0F]\n\t(No symbol) [0x00007FF73D5C7714]\n\t(No symbol) [0x00007FF73D5C78AD]\n\t(No symbol) [0x00007FF73D5B6189]\n\tBaseThreadInitThunk [0x00007FFA81657374+20]\n\tRtlUserThreadStart [0x00007FFA81D3CC91+33]", "trace": "self = <tests.test_order_page.TestOrderPage object at 0x00000187391A4200>, driver = <selenium.webdriver.chrome.webdriver.WebDriver (session=\"c449d7190cc8b3f5a19fea67610918f0\")>\ndefault_user = {'access_token': 'Bearer eyJhbGciOiJIUzI1NiIsInR5cCI6IkpXVCJ9.eyJpZCI6IjY3OTE1ZTIxOWVkMjgwMDAxYjU1ODY2NSIsImlhdCI6MTcz...ata': {'email': 'tsiiy@myandex.ru', 'name': 'ahtvlkcecj', 'password': 'lizaurvisc'}, 'user_response': <Response [200]>}\n\n    @allure.title(\"Проверка появления номера нового заказа на экране 'Лента заказов'\")\n    @allure.description(\"Создаём заказ и проверяем, что его номер появляется среди всех заказов на странице 'Лента заказов'\")\n    def test_order_in_order_list_success(self, driver, default_user):\n        # Создаём и авторизуем нового пользователя\n        user_data = default_user ['user_data']\n        main_page = MainPage(driver)\n        main_page.open()\n        email = main_page.get_user_email(user_data)\n        password = main_page.get_user_password(user_data)\n        main_page.click_account_button()\n    \n        personal_account_page = PersonalAccountPage(driver)\n        personal_account_page.set_email(email)\n        personal_account_page.set_password(password)\n        personal_account_page.click_enter_button()\n        main_page.find_main_page_title()\n        # Создаём заказ бургера с булкой соусом и мясом\n        main_page.add_bun_in_order()\n        main_page.add_sauce_in_order()\n        main_page.add_meat_in_order()\n        main_page.click_create_order_button()\n        main_page.click_order_card_x_button()\n        # Переходим на экран \"История заказов\" и получаем номер последнего заказа\n        main_page.find_main_page_title()\n        main_page.click_account_button()\n        personal_account_page.click_order_history_btn()\n>       order_number = personal_account_page.get_order_number()\n\ntests\\test_order_page.py:44: \n_ _ _ _ _ _ _ _ _ _ _ _ _ _ _ _ _ _ _ _ _ _ _ _ _ _ _ _ _ _ _ _ _ _ _ _ _ _ _ _ _ _ _ _ _ _ _ _ _ _ _ _ _ _ _ _ _ _ _ _ _ _ _ _ _ _ _ _ _ _ _ _ _ _ _ _ _ _ _ _ _ _ _ _ _ _ _ _ _ _ _ _ \npages\\personal_account_page.py:35: in get_order_number\n    element = self.wait_and_find_element(PersonalAccountLocators.ORDER_NUMBER_IN_HISTORY)\npages\\base_page.py:11: in wait_and_find_element\n    WebDriverWait(self.driver, 5).until(expected_conditions.visibility_of_element_located(locator))\n_ _ _ _ _ _ _ _ _ _ _ _ _ _ _ _ _ _ _ _ _ _ _ _ _ _ _ _ _ _ _ _ _ _ _ _ _ _ _ _ _ _ _ _ _ _ _ _ _ _ _ _ _ _ _ _ _ _ _ _ _ _ _ _ _ _ _ _ _ _ _ _ _ _ _ _ _ _ _ _ _ _ _ _ _ _ _ _ _ _ _ _ \n\nself = <selenium.webdriver.support.wait.WebDriverWait (session=\"c449d7190cc8b3f5a19fea67610918f0\")>\nmethod = <function visibility_of_element_located.<locals>._predicate at 0x000001873922CEA0>, message = ''\n\n    def until(self, method: Callable[[D], Union[Literal[False], T]], message: str = \"\") -> T:\n        \"\"\"Calls the method provided with the driver as an argument until the \\\n        return value does not evaluate to ``False``.\n    \n        :param method: callable(WebDriver)\n        :param message: optional message for :exc:`TimeoutException`\n        :returns: the result of the last call to `method`\n        :raises: :exc:`selenium.common.exceptions.TimeoutException` if timeout occurs\n        \"\"\"\n        screen = None\n        stacktrace = None\n    \n        end_time = time.monotonic() + self._timeout\n        while True:\n            try:\n                value = method(self._driver)\n                if value:\n                    return value\n            except self._ignored_exceptions as exc:\n                screen = getattr(exc, \"screen\", None)\n                stacktrace = getattr(exc, \"stacktrace\", None)\n            if time.monotonic() > end_time:\n                break\n            time.sleep(self._poll)\n>       raise TimeoutException(message, screen, stacktrace)\nE       selenium.common.exceptions.TimeoutException: Message: \nE       Stacktrace:\nE       \tGetHandleVerifier [0x00007FF73D65CC05+28741]\nE       \t(No symbol) [0x00007FF73D5BFED0]\nE       \t(No symbol) [0x00007FF73D454FBA]\nE       \t(No symbol) [0x00007FF73D4A9256]\nE       \t(No symbol) [0x00007FF73D4A948C]\nE       \t(No symbol) [0x00007FF73D4F3267]\nE       \t(No symbol) [0x00007FF73D4CFE6F]\nE       \t(No symbol) [0x00007FF73D4EFFE1]\nE       \t(No symbol) [0x00007FF73D4CFBD3]\nE       \t(No symbol) [0x00007FF73D499F43]\nE       \t(No symbol) [0x00007FF73D49B2D1]\nE       \tGetHandleVerifier [0x00007FF73D98DE3D+3375741]\nE       \tGetHandleVerifier [0x00007FF73D9A096A+3452330]\nE       \tGetHandleVerifier [0x00007FF73D99671D+3410781]\nE       \tGetHandleVerifier [0x00007FF73D72653B+854395]\nE       \t(No symbol) [0x00007FF73D5CBE0F]\nE       \t(No symbol) [0x00007FF73D5C7714]\nE       \t(No symbol) [0x00007FF73D5C78AD]\nE       \t(No symbol) [0x00007FF73D5B6189]\nE       \tBaseThreadInitThunk [0x00007FFA81657374+20]\nE       \tRtlUserThreadStart [0x00007FFA81D3CC91+33]\n\n..\\.venv\\Lib\\site-packages\\selenium\\webdriver\\support\\wait.py:105: TimeoutException"}, "description": "Создаём заказ и проверяем, что его номер появляется среди всех заказов на странице 'Лента заказов'", "steps": [{"name": "Открытие в браузере страницы 'Stellar Burger'", "status": "passed", "start": 1737580066418, "stop": 1737580066523}, {"name": "Получение эмейла для авторизации из сгенерированных данных", "status": "passed", "parameters": [{"name": "user_response", "value": "{'email': 'tsiiy@myandex.ru', 'password': 'lizaurvisc', 'name': 'ahtvlkcecj'}"}], "start": 1737580066523, "stop": 1737580066523}, {"name": "Получение пароля для авторизации из сгенерированных данных", "status": "passed", "parameters": [{"name": "user_response", "value": "{'email': 'tsiiy@myandex.ru', 'password': 'lizaurvisc', 'name': 'ahtvlkcecj'}"}], "start": 1737580066524, "stop": 1737580066524}, {"name": "Клик по кнопке 'Личный кабинет' в шапке страницы", "status": "passed", "start": 1737580066524, "stop": 1737580066633}, {"name": "Ввод почты в поле email", "status": "passed", "parameters": [{"name": "email", "value": "'tsiiy@myandex.ru'"}], "start": 1737580066633, "stop": 1737580066844}, {"name": "Ввод пароля в поле 'Пароль'", "status": "passed", "parameters": [{"name": "password", "value": "'lizaurvisc'"}], "start": 1737580066844, "stop": 1737580066953}, {"name": "Авторизация кликом по кнопке 'Войти'", "status": "passed", "start": 1737580066953, "stop": 1737580066995}, {"name": "Открытие Главной страницы", "status": "passed", "start": 1737580066995, "stop": 1737580067537}, {"name": "Перемещение булки в зону создания бургера", "status": "passed", "start": 1737580067537, "stop": 1737580067628}, {"name": "Перемещение соуса в зону создания бургера", "status": "passed", "start": 1737580067628, "stop": 1737580067700}, {"name": "Перемещение мяса в зону создания бургера", "status": "passed", "start": 1737580067700, "stop": 1737580067768}, {"name": "Клик по кнопке 'Оформить заказ'", "status": "passed", "start": 1737580067768, "stop": 1737580067801}, {"name": "Клик по кнопке закрытия всплывающего окна", "status": "passed", "start": 1737580067801, "stop": 1737580068371}, {"name": "Открытие Главной страницы", "status": "passed", "start": 1737580068371, "stop": 1737580068418}, {"name": "Клик по кнопке 'Личный кабинет' в шапке страницы", "status": "passed", "start": 1737580068418, "stop": 1737580068470}, {"name": "Клик по кнопке 'История заказов' в Личном кабинете", "status": "passed", "start": 1737580068470, "stop": 1737580069033}, {"name": "Получение номера последнего заказа", "status": "broken", "statusDetails": {"message": "selenium.common.exceptions.TimeoutException: Message: \nStacktrace:\n\tGetHandleVerifier [0x00007FF73D65CC05+28741]\n\t(No symbol) [0x00007FF73D5BFED0]\n\t(No symbol) [0x00007FF73D454FBA]\n\t(No symbol) [0x00007FF73D4A9256]\n\t(No symbol) [0x00007FF73D4A948C]\n\t(No symbol) [0x00007FF73D4F3267]\n\t(No symbol) [0x00007FF73D4CFE6F]\n\t(No symbol) [0x00007FF73D4EFFE1]\n\t(No symbol) [0x00007FF73D4CFBD3]\n\t(No symbol) [0x00007FF73D499F43]\n\t(No symbol) [0x00007FF73D49B2D1]\n\tGetHandleVerifier [0x00007FF73D98DE3D+3375741]\n\tGetHandleVerifier [0x00007FF73D9A096A+3452330]\n\tGetHandleVerifier [0x00007FF73D99671D+3410781]\n\tGetHandleVerifier [0x00007FF73D72653B+854395]\n\t(No symbol) [0x00007FF73D5CBE0F]\n\t(No symbol) [0x00007FF73D5C7714]\n\t(No symbol) [0x00007FF73D5C78AD]\n\t(No symbol) [0x00007FF73D5B6189]\n\tBaseThreadInitThunk [0x00007FFA81657374+20]\n\tRtlUserThreadStart [0x00007FFA81D3CC91+33]\n\n", "trace": "  File \"C:\\Users\\User\\PycharmProjects\\Diplom\\.venv\\Lib\\site-packages\\allure_commons\\_allure.py\", line 192, in impl\n    return func(*a, **kw)\n           ^^^^^^^^^^^^^^\n  File \"C:\\Users\\User\\PycharmProjects\\Diplom\\Diplom3\\pages\\personal_account_page.py\", line 35, in get_order_number\n    element = self.wait_and_find_element(PersonalAccountLocators.ORDER_NUMBER_IN_HISTORY)\n              ^^^^^^^^^^^^^^^^^^^^^^^^^^^^^^^^^^^^^^^^^^^^^^^^^^^^^^^^^^^^^^^^^^^^^^^^^^^\n  File \"C:\\Users\\User\\PycharmProjects\\Diplom\\Diplom3\\pages\\base_page.py\", line 11, in wait_and_find_element\n    WebDriverWait(self.driver, 5).until(expected_conditions.visibility_of_element_located(locator))\n  File \"C:\\Users\\User\\PycharmProjects\\Diplom\\.venv\\Lib\\site-packages\\selenium\\webdriver\\support\\wait.py\", line 105, in until\n    raise TimeoutException(message, screen, stacktrace)\n"}, "start": 1737580069033, "stop": 1737580074160}], "parameters": [{"name": "driver", "value": "'chrome'"}], "start": 1737580066418, "stop": 1737580074164, "uuid": "61c7ccf3-8159-4e13-b7b5-249c998d90ae", "historyId": "c25efa74381802b17d9935beaf448b79", "testCaseId": "503030750ab22cb56dbc72d0c806c1b9", "fullName": "tests.test_order_page.TestOrderPage#test_order_in_order_list_success", "labels": [{"name": "parentSuite", "value": "tests"}, {"name": "suite", "value": "test_order_page"}, {"name": "subSuite", "value": "TestOrderPage"}, {"name": "host", "value": "01ms32"}, {"name": "thread", "value": "24448-MainThread"}, {"name": "framework", "value": "pytest"}, {"name": "language", "value": "cpython3"}, {"name": "package", "value": "tests.test_order_page"}]}