{"name": "Проверка изменения количества ингредиента в счётчике при добавлении ингредиента в бургер", "status": "failed", "statusDetails": {"message": "AssertionError: assert ('0' == '0'\n  \n    0 and '0' == '2'\n  \n  - 2\n  + 0)", "trace": "self = <tests.test_main_page.TestMainPage object at 0x000002482C77B620>\ndriver = <selenium.webdriver.firefox.webdriver.WebDriver (session=\"2bc9b246-b7f7-478d-96fb-545c2badade5\")>\n\n    @allure.title(\"Проверка изменения количества ингредиента в счётчике при добавлении ингредиента в бургер\")\n    @allure.description(\"Проверка изменения счётчика ингредиента при добавлении его в конструктор бургера\")\n    def test_change_counter_add_constructor_success(self, driver):\n        main_page = MainPage(driver)\n        main_page.open()\n        count_before = main_page.get_count_ingredient()\n        main_page.add_bun_in_order()\n        count_after = main_page.get_count_ingredient()\n>       assert count_before == '0' and count_after == '2'\nE       AssertionError: assert ('0' == '0'\nE         \nE           0 and '0' == '2'\nE         \nE         - 2\nE         + 0)\n\ntests\\test_main_page.py:55: AssertionError"}, "description": "Проверка изменения счётчика ингредиента при добавлении его в конструктор бургера", "steps": [{"name": "Открытие в браузере страницы 'Stellar Burger'", "status": "passed", "start": 1737453182389, "stop": 1737453182622}, {"name": "Получение количества ингредиентов из счётчика", "status": "passed", "start": 1737453182622, "stop": 1737453182767}, {"name": "Перемещение булки в зону создания бургера", "status": "passed", "start": 1737453182768, "stop": 1737453183391}, {"name": "Получение количества ингредиентов из счётчика", "status": "passed", "start": 1737453183391, "stop": 1737453183416}], "parameters": [{"name": "driver", "value": "'firefox'"}], "start": 1737453182389, "stop": 1737453183417, "uuid": "1c362a41-bf6f-4dc2-a3c2-114738484b84", "historyId": "54b2d0eaabbe8104480e6ee99a6ba56d", "testCaseId": "3e2eb7c7267bbeb412ee45e9db6f6e65", "fullName": "tests.test_main_page.TestMainPage#test_change_counter_add_constructor_success", "labels": [{"name": "parentSuite", "value": "tests"}, {"name": "suite", "value": "test_main_page"}, {"name": "subSuite", "value": "TestMainPage"}, {"name": "host", "value": "01ms32"}, {"name": "thread", "value": "26772-MainThread"}, {"name": "framework", "value": "pytest"}, {"name": "language", "value": "cpython3"}, {"name": "package", "value": "tests.test_main_page"}]}