{"name": "Проверка увеличения значения счётчика 'Выполнено за сегодня' на экране 'Лента заказов'", "status": "broken", "statusDetails": {"message": "selenium.common.exceptions.TimeoutException: Message: \nStacktrace:\n\tGetHandleVerifier [0x00007FF7036FFBE5+28741]\n\t(No symbol) [0x00007FF703667890]\n\t(No symbol) [0x00007FF703504FDA]\n\t(No symbol) [0x00007FF703559322]\n\t(No symbol) [0x00007FF70355954C]\n\t(No symbol) [0x00007FF7035A3337]\n\t(No symbol) [0x00007FF70357FF4F]\n\t(No symbol) [0x00007FF7035A00B4]\n\t(No symbol) [0x00007FF70357FCB3]\n\t(No symbol) [0x00007FF703549FB3]\n\t(No symbol) [0x00007FF70354B331]\n\tGetHandleVerifier [0x00007FF703A3A73D+3414941]\n\tGetHandleVerifier [0x00007FF703A4E64A+3496618]\n\tGetHandleVerifier [0x00007FF703A4413D+3454365]\n\tGetHandleVerifier [0x00007FF7037C848B+850155]\n\t(No symbol) [0x00007FF7036737FF]\n\t(No symbol) [0x00007FF70366F0C4]\n\t(No symbol) [0x00007FF70366F25D]\n\t(No symbol) [0x00007FF70365E079]\n\tBaseThreadInitThunk [0x00007FFA81657374+20]\n\tRtlUserThreadStart [0x00007FFA81D3CC91+33]", "trace": "self = <tests.test_order_page.TestOrderPage object at 0x000001BC5319C530>, driver = <selenium.webdriver.chrome.webdriver.WebDriver (session=\"d5fcd5d08d25979c03c2c8a36df0cb92\")>\n\n    @allure.title(\"Проверка увеличения значения счётчика 'Выполнено за сегодня' на экране 'Лента заказов'\")\n    @allure.description(\n        \"Создаём заказ и проверяем что счётчик выполненных заказов за сегодня, на экране 'Лента заказов', увеличивается на 1\")\n    def test_order_counter_today_increases_when_new_order_is_placed_success(self, driver):\n        # Создаём и авторизуем нового пользователя\n        user_data = stellar_burgers_api.create_user_body()\n        user_response = stellar_burgers_api.create_user(user_data)\n        main_page = MainPage(driver)\n        main_page.open()\n        email = main_page.get_user_email(user_data)\n        password = main_page.get_user_password(user_data)\n        main_page.click_account_button()\n        personal_account_page = PersonalAccountPage(driver)\n        personal_account_page.set_email(email)\n        personal_account_page.set_password(password)\n        personal_account_page.click_enter_button()\n        main_page.find_main_page_title()\n        # Получаем значение счётчика выполненных за сегодня заказов на странице \"Лента заказов\"\n        main_page.click_list_order_button()\n        order_page = OrderPage(driver)\n        counter_before = order_page.get_orders_counter_today()\n        # Переходим в конструктор и создаём заказ\n        order_page.click_constructor_button()\n>       main_page.add_bun_in_order()\n\ntests\\test_order_page.py:114: \n_ _ _ _ _ _ _ _ _ _ _ _ _ _ _ _ _ _ _ _ _ _ _ _ _ _ _ _ _ _ _ _ _ _ _ _ _ _ _ _ _ _ _ _ _ _ _ _ _ _ _ _ _ _ _ _ _ _ _ _ _ _ _ _ _ _ _ _ _ _ _ _ _ _ _ _ _ _ _ _ _ _ _ _ _ _ _ _ \npages\\main_page.py:34: in add_bun_in_order\n    source = self.wait_and_find_element(MainPageLocators.BUN_INGREDIENT)\npages\\base_page.py:11: in wait_and_find_element\n    WebDriverWait(self.driver, 5).until(expected_conditions.visibility_of_element_located(locator))\n_ _ _ _ _ _ _ _ _ _ _ _ _ _ _ _ _ _ _ _ _ _ _ _ _ _ _ _ _ _ _ _ _ _ _ _ _ _ _ _ _ _ _ _ _ _ _ _ _ _ _ _ _ _ _ _ _ _ _ _ _ _ _ _ _ _ _ _ _ _ _ _ _ _ _ _ _ _ _ _ _ _ _ _ _ _ _ _ \n\nself = <selenium.webdriver.support.wait.WebDriverWait (session=\"d5fcd5d08d25979c03c2c8a36df0cb92\")>\nmethod = <function visibility_of_element_located.<locals>._predicate at 0x000001BC532A5A80>, message = ''\n\n    def until(self, method: Callable[[D], Union[Literal[False], T]], message: str = \"\") -> T:\n        \"\"\"Calls the method provided with the driver as an argument until the \\\n        return value does not evaluate to ``False``.\n    \n        :param method: callable(WebDriver)\n        :param message: optional message for :exc:`TimeoutException`\n        :returns: the result of the last call to `method`\n        :raises: :exc:`selenium.common.exceptions.TimeoutException` if timeout occurs\n        \"\"\"\n        screen = None\n        stacktrace = None\n    \n        end_time = time.monotonic() + self._timeout\n        while True:\n            try:\n                value = method(self._driver)\n                if value:\n                    return value\n            except self._ignored_exceptions as exc:\n                screen = getattr(exc, \"screen\", None)\n                stacktrace = getattr(exc, \"stacktrace\", None)\n            if time.monotonic() > end_time:\n                break\n            time.sleep(self._poll)\n>       raise TimeoutException(message, screen, stacktrace)\nE       selenium.common.exceptions.TimeoutException: Message: \nE       Stacktrace:\nE       \tGetHandleVerifier [0x00007FF7036FFBE5+28741]\nE       \t(No symbol) [0x00007FF703667890]\nE       \t(No symbol) [0x00007FF703504FDA]\nE       \t(No symbol) [0x00007FF703559322]\nE       \t(No symbol) [0x00007FF70355954C]\nE       \t(No symbol) [0x00007FF7035A3337]\nE       \t(No symbol) [0x00007FF70357FF4F]\nE       \t(No symbol) [0x00007FF7035A00B4]\nE       \t(No symbol) [0x00007FF70357FCB3]\nE       \t(No symbol) [0x00007FF703549FB3]\nE       \t(No symbol) [0x00007FF70354B331]\nE       \tGetHandleVerifier [0x00007FF703A3A73D+3414941]\nE       \tGetHandleVerifier [0x00007FF703A4E64A+3496618]\nE       \tGetHandleVerifier [0x00007FF703A4413D+3454365]\nE       \tGetHandleVerifier [0x00007FF7037C848B+850155]\nE       \t(No symbol) [0x00007FF7036737FF]\nE       \t(No symbol) [0x00007FF70366F0C4]\nE       \t(No symbol) [0x00007FF70366F25D]\nE       \t(No symbol) [0x00007FF70365E079]\nE       \tBaseThreadInitThunk [0x00007FFA81657374+20]\nE       \tRtlUserThreadStart [0x00007FFA81D3CC91+33]\n\n..\\.venv\\Lib\\site-packages\\selenium\\webdriver\\support\\wait.py:105: TimeoutException"}, "description": "Создаём заказ и проверяем что счётчик выполненных заказов за сегодня, на экране 'Лента заказов', увеличивается на 1", "steps": [{"name": "Создание тела запроса создания юзера: email, password, name", "status": "passed", "start": 1737449718444, "stop": 1737449718444}, {"name": "Создание пользователя в приложении Stellar burger", "status": "passed", "parameters": [{"name": "user_data", "value": "{'email': 'essdz@myandex.ru', 'password': 'tmjzrunfek', 'name': 'ackyhqpnez'}"}], "start": 1737449718444, "stop": 1737449718659}, {"name": "Открытие в браузере страницы 'Stellar Burger'", "status": "passed", "start": 1737449718659, "stop": 1737449718834}, {"name": "Получение эмейла для авторизации из сгенерированных данных", "status": "passed", "parameters": [{"name": "user_response", "value": "{'email': 'essdz@myandex.ru', 'password': 'tmjzrunfek', 'name': 'ackyhqpnez'}"}], "start": 1737449718835, "stop": 1737449718835}, {"name": "Получение пароля для авторизации из сгенерированных данных", "status": "passed", "parameters": [{"name": "user_response", "value": "{'email': 'essdz@myandex.ru', 'password': 'tmjzrunfek', 'name': 'ackyhqpnez'}"}], "start": 1737449718835, "stop": 1737449718835}, {"name": "Клик по кнопке 'Личный кабинет' в шапке страницы", "status": "passed", "start": 1737449718835, "stop": 1737449718918}, {"name": "Ввод почты в поле email", "status": "passed", "parameters": [{"name": "email", "value": "'essdz@myandex.ru'"}], "start": 1737449718918, "stop": 1737449719096}, {"name": "Ввод пароля в поле 'Пароль'", "status": "passed", "parameters": [{"name": "password", "value": "'tmjzrunfek'"}], "start": 1737449719096, "stop": 1737449719190}, {"name": "Авторизация кликом по кнопке 'Войти'", "status": "passed", "start": 1737449719190, "stop": 1737449719227}, {"name": "Открытие Главной страницы", "status": "passed", "start": 1737449719227, "stop": 1737449719783}, {"name": "Клик по кнопке 'Лента заказов' в шапке страницы", "status": "passed", "start": 1737449719783, "stop": 1737449719818}, {"name": "Получение значения счётчика заказов 'Выполнено за сегодня' на странице 'Лента заказов'", "status": "passed", "start": 1737449719818, "stop": 1737449720369}, {"name": "Клик по кнопке 'Конструктор' в шапке страницы", "status": "passed", "start": 1737449720369, "stop": 1737449720405}, {"name": "Перемещение булки в зону создания бургера", "status": "broken", "statusDetails": {"message": "selenium.common.exceptions.TimeoutException: Message: \nStacktrace:\n\tGetHandleVerifier [0x00007FF7036FFBE5+28741]\n\t(No symbol) [0x00007FF703667890]\n\t(No symbol) [0x00007FF703504FDA]\n\t(No symbol) [0x00007FF703559322]\n\t(No symbol) [0x00007FF70355954C]\n\t(No symbol) [0x00007FF7035A3337]\n\t(No symbol) [0x00007FF70357FF4F]\n\t(No symbol) [0x00007FF7035A00B4]\n\t(No symbol) [0x00007FF70357FCB3]\n\t(No symbol) [0x00007FF703549FB3]\n\t(No symbol) [0x00007FF70354B331]\n\tGetHandleVerifier [0x00007FF703A3A73D+3414941]\n\tGetHandleVerifier [0x00007FF703A4E64A+3496618]\n\tGetHandleVerifier [0x00007FF703A4413D+3454365]\n\tGetHandleVerifier [0x00007FF7037C848B+850155]\n\t(No symbol) [0x00007FF7036737FF]\n\t(No symbol) [0x00007FF70366F0C4]\n\t(No symbol) [0x00007FF70366F25D]\n\t(No symbol) [0x00007FF70365E079]\n\tBaseThreadInitThunk [0x00007FFA81657374+20]\n\tRtlUserThreadStart [0x00007FFA81D3CC91+33]\n\n", "trace": "  File \"C:\\Users\\User\\PycharmProjects\\Diplom\\.venv\\Lib\\site-packages\\allure_commons\\_allure.py\", line 192, in impl\n    return func(*a, **kw)\n           ^^^^^^^^^^^^^^\n  File \"C:\\Users\\User\\PycharmProjects\\Diplom\\Diplom3\\pages\\main_page.py\", line 34, in add_bun_in_order\n    source = self.wait_and_find_element(MainPageLocators.BUN_INGREDIENT)\n             ^^^^^^^^^^^^^^^^^^^^^^^^^^^^^^^^^^^^^^^^^^^^^^^^^^^^^^^^^^^\n  File \"C:\\Users\\User\\PycharmProjects\\Diplom\\Diplom3\\pages\\base_page.py\", line 11, in wait_and_find_element\n    WebDriverWait(self.driver, 5).until(expected_conditions.visibility_of_element_located(locator))\n  File \"C:\\Users\\User\\PycharmProjects\\Diplom\\.venv\\Lib\\site-packages\\selenium\\webdriver\\support\\wait.py\", line 105, in until\n    raise TimeoutException(message, screen, stacktrace)\n"}, "start": 1737449720406, "stop": 1737449725629}], "parameters": [{"name": "driver", "value": "'chrome'"}], "start": 1737449718444, "stop": 1737449725630, "uuid": "115f259e-43b7-416c-8688-7305d62bf9fd", "historyId": "d5c013fa9a9425f0c5b1979ec37f6102", "testCaseId": "3083110c1b47ab3f3a44f4c3e8dd7f41", "fullName": "tests.test_order_page.TestOrderPage#test_order_counter_today_increases_when_new_order_is_placed_success", "labels": [{"name": "parentSuite", "value": "tests"}, {"name": "suite", "value": "test_order_page"}, {"name": "subSuite", "value": "TestOrderPage"}, {"name": "host", "value": "01ms32"}, {"name": "thread", "value": "9524-MainThread"}, {"name": "framework", "value": "pytest"}, {"name": "language", "value": "cpython3"}, {"name": "package", "value": "tests.test_order_page"}]}