{"name": "Проверка успешного оформления заказа авторизованным пользователем", "status": "broken", "statusDetails": {"message": "selenium.common.exceptions.TimeoutException: Message: \nStacktrace:\nRemoteError@chrome://remote/content/shared/RemoteError.sys.mjs:8:8\nWebDriverError@chrome://remote/content/shared/webdriver/Errors.sys.mjs:193:5\nNoSuchElementError@chrome://remote/content/shared/webdriver/Errors.sys.mjs:511:5\ndom.find/</<@chrome://remote/content/shared/DOM.sys.mjs:136:16", "trace": "self = <tests.test_main_page.TestMainPage object at 0x000001BC53173620>\ndriver = <selenium.webdriver.firefox.webdriver.WebDriver (session=\"7107b2f4-9d56-4d02-8805-b327e09a881e\")>\n\n    @allure.title(\"Проверка успешного оформления заказа авторизованным пользователем\")\n    @allure.description(\"Авторизованный пользователь может успешно оформить заказ\")\n    def test_authorized_user_create_order_success(self, driver):\n        user_data = stellar_burgers_api.create_user_body()\n        user_response = stellar_burgers_api.create_user(user_data)\n        main_page = MainPage(driver)\n        main_page.open()\n        email = main_page.get_user_email(user_data)\n        password = main_page.get_user_password(user_data)\n        main_page.click_account_button()\n    \n        personal_account_page = PersonalAccountPage(driver)\n        personal_account_page.set_email(email)\n        personal_account_page.set_password(password)\n        personal_account_page.click_enter_button()\n    \n        main_page.find_main_page_title()\n>       main_page.add_bun_in_order()\n\ntests\\test_main_page.py:74: \n_ _ _ _ _ _ _ _ _ _ _ _ _ _ _ _ _ _ _ _ _ _ _ _ _ _ _ _ _ _ _ _ _ _ _ _ _ _ _ _ _ _ _ _ _ _ _ _ _ _ _ _ _ _ _ _ _ _ _ _ _ _ _ _ _ _ _ _ _ _ _ _ _ _ _ _ _ _ _ _ _ _ _ _ _ _ _ _ \npages\\main_page.py:34: in add_bun_in_order\n    source = self.wait_and_find_element(MainPageLocators.BUN_INGREDIENT)\npages\\base_page.py:11: in wait_and_find_element\n    WebDriverWait(self.driver, 5).until(expected_conditions.visibility_of_element_located(locator))\n_ _ _ _ _ _ _ _ _ _ _ _ _ _ _ _ _ _ _ _ _ _ _ _ _ _ _ _ _ _ _ _ _ _ _ _ _ _ _ _ _ _ _ _ _ _ _ _ _ _ _ _ _ _ _ _ _ _ _ _ _ _ _ _ _ _ _ _ _ _ _ _ _ _ _ _ _ _ _ _ _ _ _ _ _ _ _ _ \n\nself = <selenium.webdriver.support.wait.WebDriverWait (session=\"7107b2f4-9d56-4d02-8805-b327e09a881e\")>\nmethod = <function visibility_of_element_located.<locals>._predicate at 0x000001BC53233C40>, message = ''\n\n    def until(self, method: Callable[[D], Union[Literal[False], T]], message: str = \"\") -> T:\n        \"\"\"Calls the method provided with the driver as an argument until the \\\n        return value does not evaluate to ``False``.\n    \n        :param method: callable(WebDriver)\n        :param message: optional message for :exc:`TimeoutException`\n        :returns: the result of the last call to `method`\n        :raises: :exc:`selenium.common.exceptions.TimeoutException` if timeout occurs\n        \"\"\"\n        screen = None\n        stacktrace = None\n    \n        end_time = time.monotonic() + self._timeout\n        while True:\n            try:\n                value = method(self._driver)\n                if value:\n                    return value\n            except self._ignored_exceptions as exc:\n                screen = getattr(exc, \"screen\", None)\n                stacktrace = getattr(exc, \"stacktrace\", None)\n            if time.monotonic() > end_time:\n                break\n            time.sleep(self._poll)\n>       raise TimeoutException(message, screen, stacktrace)\nE       selenium.common.exceptions.TimeoutException: Message: \nE       Stacktrace:\nE       RemoteError@chrome://remote/content/shared/RemoteError.sys.mjs:8:8\nE       WebDriverError@chrome://remote/content/shared/webdriver/Errors.sys.mjs:193:5\nE       NoSuchElementError@chrome://remote/content/shared/webdriver/Errors.sys.mjs:511:5\nE       dom.find/</<@chrome://remote/content/shared/DOM.sys.mjs:136:16\n\n..\\.venv\\Lib\\site-packages\\selenium\\webdriver\\support\\wait.py:105: TimeoutException"}, "description": "Авторизованный пользователь может успешно оформить заказ", "steps": [{"name": "Создание тела запроса создания юзера: email, password, name", "status": "passed", "start": 1737449584217, "stop": 1737449584217}, {"name": "Создание пользователя в приложении Stellar burger", "status": "passed", "parameters": [{"name": "user_data", "value": "{'email': 'bahro@myandex.ru', 'password': 'zqmznslrdc', 'name': 'wlddnmnals'}"}], "start": 1737449584217, "stop": 1737449584457}, {"name": "Открытие в браузере страницы 'Stellar Burger'", "status": "passed", "start": 1737449584457, "stop": 1737449584698}, {"name": "Получение эмейла для авторизации из сгенерированных данных", "status": "passed", "parameters": [{"name": "user_response", "value": "{'email': 'bahro@myandex.ru', 'password': 'zqmznslrdc', 'name': 'wlddnmnals'}"}], "start": 1737449584698, "stop": 1737449584698}, {"name": "Получение пароля для авторизации из сгенерированных данных", "status": "passed", "parameters": [{"name": "user_response", "value": "{'email': 'bahro@myandex.ru', 'password': 'zqmznslrdc', 'name': 'wlddnmnals'}"}], "start": 1737449584698, "stop": 1737449584698}, {"name": "Клик по кнопке 'Личный кабинет' в шапке страницы", "status": "passed", "start": 1737449584698, "stop": 1737449584887}, {"name": "Ввод почты в поле email", "status": "passed", "parameters": [{"name": "email", "value": "'bahro@myandex.ru'"}], "start": 1737449584887, "stop": 1737449585084}, {"name": "Ввод пароля в поле 'Пароль'", "status": "passed", "parameters": [{"name": "password", "value": "'zqmznslrdc'"}], "start": 1737449585085, "stop": 1737449585135}, {"name": "Авторизация кликом по кнопке 'Войти'", "status": "passed", "start": 1737449585135, "stop": 1737449585177}, {"name": "Открытие Главной страницы", "status": "passed", "start": 1737449585177, "stop": 1737449585720}, {"name": "Перемещение булки в зону создания бургера", "status": "broken", "statusDetails": {"message": "selenium.common.exceptions.TimeoutException: Message: \nStacktrace:\nRemoteError@chrome://remote/content/shared/RemoteError.sys.mjs:8:8\nWebDriverError@chrome://remote/content/shared/webdriver/Errors.sys.mjs:193:5\nNoSuchElementError@chrome://remote/content/shared/webdriver/Errors.sys.mjs:511:5\ndom.find/</<@chrome://remote/content/shared/DOM.sys.mjs:136:16\n\n", "trace": "  File \"C:\\Users\\User\\PycharmProjects\\Diplom\\.venv\\Lib\\site-packages\\allure_commons\\_allure.py\", line 192, in impl\n    return func(*a, **kw)\n           ^^^^^^^^^^^^^^\n  File \"C:\\Users\\User\\PycharmProjects\\Diplom\\Diplom3\\pages\\main_page.py\", line 34, in add_bun_in_order\n    source = self.wait_and_find_element(MainPageLocators.BUN_INGREDIENT)\n             ^^^^^^^^^^^^^^^^^^^^^^^^^^^^^^^^^^^^^^^^^^^^^^^^^^^^^^^^^^^\n  File \"C:\\Users\\User\\PycharmProjects\\Diplom\\Diplom3\\pages\\base_page.py\", line 11, in wait_and_find_element\n    WebDriverWait(self.driver, 5).until(expected_conditions.visibility_of_element_located(locator))\n  File \"C:\\Users\\User\\PycharmProjects\\Diplom\\.venv\\Lib\\site-packages\\selenium\\webdriver\\support\\wait.py\", line 105, in until\n    raise TimeoutException(message, screen, stacktrace)\n"}, "start": 1737449585721, "stop": 1737449590773}], "parameters": [{"name": "driver", "value": "'firefox'"}], "start": 1737449584217, "stop": 1737449590773, "uuid": "301bf629-cfbd-4b0d-93d6-a030721ed3c8", "historyId": "3aa059a122551c545d1ea70f83affafd", "testCaseId": "6ee7c1362cd0dc105ae94266b585d060", "fullName": "tests.test_main_page.TestMainPage#test_authorized_user_create_order_success", "labels": [{"name": "parentSuite", "value": "tests"}, {"name": "suite", "value": "test_main_page"}, {"name": "subSuite", "value": "TestMainPage"}, {"name": "host", "value": "01ms32"}, {"name": "thread", "value": "9524-MainThread"}, {"name": "framework", "value": "pytest"}, {"name": "language", "value": "cpython3"}, {"name": "package", "value": "tests.test_main_page"}]}