{"name": "Проверка увеличения значения счётчика заказов на экране 'Лента заказов'", "status": "broken", "statusDetails": {"message": "selenium.common.exceptions.TimeoutException: Message:", "trace": "self = <tests.test_order_page.TestOrderPage object at 0x000001E79E5996D0>\ndefault_user = {'access_token': 'Bearer eyJhbGciOiJIUzI1NiIsInR5cCI6IkpXVCJ9.eyJpZCI6IjY3OTYxMTFiOWVkMjgwMDAxYjU1YjU0NCIsImlhdCI6MTcz...ata': {'email': 'lqqzp@myandex.ru', 'name': 'ujztvsgjxn', 'password': 'tjeyqshzlp'}, 'user_response': <Response [200]>}\nmain_page = <pages.main_page.MainPage object at 0x000001E79E5476B0>, order_page = <pages.order_page.OrderPage object at 0x000001E79E6D1670>\npersonal_account_page = <pages.personal_account_page.PersonalAccountPage object at 0x000001E79E6D1220>\n\n    @allure.title(\"Проверка увеличения значения счётчика заказов на экране 'Лента заказов'\")\n    @allure.description(\n        \"Создаём заказ и проверяем что счётчик всех заказов на экране 'Лента заказов' увеличивается на 1\")\n    def test_order_counter_increases_when_new_order_is_placed_success(self, default_user, main_page, order_page, personal_account_page):\n        # Создаём и авторизуем нового пользователя\n        user_data = default_user ['user_data']\n        main_page.open()\n        email = main_page.get_user_email(user_data)\n        password = main_page.get_user_password(user_data)\n        main_page.click_account_button()\n        personal_account_page.set_email(email)\n        personal_account_page.set_password(password)\n        personal_account_page.click_enter_button()\n        main_page.find_main_page_title()\n        # Получаем значение счётчика заказов на странице \"Лента заказов\"\n        main_page.click_list_order_button()\n        counter_before = order_page.get_orders_counter()\n        # Переходим в конструктор и создаём заказ\n        order_page.click_constructor_button()\n        main_page.add_bun_in_order()\n        main_page.add_sauce_in_order()\n        main_page.add_meat_in_order()\n        main_page.click_create_order_button()\n>       main_page.click_order_card_x_button()\n\ntests\\test_order_page.py:69: \n_ _ _ _ _ _ _ _ _ _ _ _ _ _ _ _ _ _ _ _ _ _ _ _ _ _ _ _ _ _ _ _ _ _ _ _ _ _ _ _ _ _ _ _ _ _ _ _ _ _ _ _ _ _ _ _ _ _ _ _ _ _ _ _ _ _ _ _ _ _ _ _ _ _ _ _ _ _ _ _ _ _ _ _ _ _ _ _ _ _ _ _\npages\\main_page.py:77: in click_order_card_x_button\n    x_button = self.wait_and_find_element(MainPageLocators.CLOSE_WINDOW_BTN)\npages\\base_page.py:20: in wait_and_find_element\n    WebDriverWait(self.driver, 10).until(expected_conditions.visibility_of_element_located(locator))\n_ _ _ _ _ _ _ _ _ _ _ _ _ _ _ _ _ _ _ _ _ _ _ _ _ _ _ _ _ _ _ _ _ _ _ _ _ _ _ _ _ _ _ _ _ _ _ _ _ _ _ _ _ _ _ _ _ _ _ _ _ _ _ _ _ _ _ _ _ _ _ _ _ _ _ _ _ _ _ _ _ _ _ _ _ _ _ _ _ _ _ _\n\nself = <selenium.webdriver.support.wait.WebDriverWait (session=\"f8d5da70aa1239c576744e2224d576b9\")>\nmethod = <function visibility_of_element_located.<locals>._predicate at 0x000001E79E65D120>, message = ''\n\n    def until(self, method: Callable[[D], Union[Literal[False], T]], message: str = \"\") -> T:\n        \"\"\"Calls the method provided with the driver as an argument until the \\\n        return value does not evaluate to ``False``.\n    \n        :param method: callable(WebDriver)\n        :param message: optional message for :exc:`TimeoutException`\n        :returns: the result of the last call to `method`\n        :raises: :exc:`selenium.common.exceptions.TimeoutException` if timeout occurs\n        \"\"\"\n        screen = None\n        stacktrace = None\n    \n        end_time = time.monotonic() + self._timeout\n        while True:\n            try:\n                value = method(self._driver)\n                if value:\n                    return value\n            except self._ignored_exceptions as exc:\n                screen = getattr(exc, \"screen\", None)\n                stacktrace = getattr(exc, \"stacktrace\", None)\n            if time.monotonic() > end_time:\n                break\n            time.sleep(self._poll)\n>       raise TimeoutException(message, screen, stacktrace)\nE       selenium.common.exceptions.TimeoutException: Message:\n\n..\\.venv\\Lib\\site-packages\\selenium\\webdriver\\support\\wait.py:105: TimeoutException"}, "description": "Создаём заказ и проверяем что счётчик всех заказов на экране 'Лента заказов' увеличивается на 1", "steps": [{"name": "Открытие в браузере страницы 'Stellar Burger'", "status": "passed", "start": 1737888041059, "stop": 1737888041245}, {"name": "Получение эмейла для авторизации из сгенерированных данных", "status": "passed", "parameters": [{"name": "user_response", "value": "{'email': 'lqqzp@myandex.ru', 'password': 'tjeyqshzlp', 'name': 'ujztvsgjxn'}"}], "start": 1737888041246, "stop": 1737888041246}, {"name": "Получение пароля для авторизации из сгенерированных данных", "status": "passed", "parameters": [{"name": "user_response", "value": "{'email': 'lqqzp@myandex.ru', 'password': 'tjeyqshzlp', 'name': 'ujztvsgjxn'}"}], "start": 1737888041246, "stop": 1737888041246}, {"name": "Клик по кнопке 'Личный кабинет' в шапке страницы", "status": "passed", "start": 1737888041246, "stop": 1737888041322}, {"name": "Ввод почты в поле email", "status": "passed", "parameters": [{"name": "email", "value": "'lqqzp@myandex.ru'"}], "start": 1737888041322, "stop": 1737888041434}, {"name": "Ввод пароля в поле 'Пароль'", "status": "passed", "parameters": [{"name": "password", "value": "'tjeyqshzlp'"}], "start": 1737888041434, "stop": 1737888041511}, {"name": "Авторизация кликом по кнопке 'Войти'", "status": "passed", "start": 1737888041511, "stop": 1737888041544}, {"name": "Открытие Главной страницы", "status": "passed", "start": 1737888041544, "stop": 1737888042076}, {"name": "Клик по кнопке 'Лента заказов' в шапке страницы", "status": "passed", "start": 1737888042076, "stop": 1737888042105}, {"name": "Получение значения счётчика заказов на странице 'Лента заказов'", "status": "passed", "start": 1737888042106, "stop": 1737888042685}, {"name": "Клик по кнопке 'Конструктор' в шапке страницы", "status": "passed", "start": 1737888042686, "stop": 1737888042725}, {"name": "Перемещение булки в зону создания бургера", "status": "passed", "start": 1737888042725, "stop": 1737888053356}, {"name": "Перемещение соуса в зону создания бургера", "status": "passed", "start": 1737888053356, "stop": 1737888063966}, {"name": "Перемещение мяса в зону создания бургера", "status": "passed", "start": 1737888063966, "stop": 1737888074578}, {"name": "Клик по кнопке 'Оформить заказ'", "status": "passed", "start": 1737888074578, "stop": 1737888074610}, {"name": "Клик по кнопке закрытия всплывающего окна", "status": "broken", "statusDetails": {"message": "selenium.common.exceptions.TimeoutException: Message: \n\n", "trace": "  File \"C:\\Users\\User\\PycharmProjects\\Diplom\\.venv\\Lib\\site-packages\\allure_commons\\_allure.py\", line 192, in impl\n    return func(*a, **kw)\n           ^^^^^^^^^^^^^^\n  File \"C:\\Users\\User\\PycharmProjects\\Diplom\\Diplom3\\pages\\main_page.py\", line 77, in click_order_card_x_button\n    x_button = self.wait_and_find_element(MainPageLocators.CLOSE_WINDOW_BTN)\n               ^^^^^^^^^^^^^^^^^^^^^^^^^^^^^^^^^^^^^^^^^^^^^^^^^^^^^^^^^^^^^\n  File \"C:\\Users\\User\\PycharmProjects\\Diplom\\Diplom3\\pages\\base_page.py\", line 20, in wait_and_find_element\n    WebDriverWait(self.driver, 10).until(expected_conditions.visibility_of_element_located(locator))\n  File \"C:\\Users\\User\\PycharmProjects\\Diplom\\.venv\\Lib\\site-packages\\selenium\\webdriver\\support\\wait.py\", line 105, in until\n    raise TimeoutException(message, screen, stacktrace)\n"}, "start": 1737888074610, "stop": 1737888084991}], "parameters": [{"name": "driver", "value": "'chrome'"}], "start": 1737888041058, "stop": 1737888084992, "uuid": "dcf7bf65-7eb4-4fed-a60b-081cb677543d", "historyId": "88c196074c27ef1e1ce0a587de58cee4", "testCaseId": "53d7c2daaeeb9ec49264465d565feeb8", "fullName": "tests.test_order_page.TestOrderPage#test_order_counter_increases_when_new_order_is_placed_success", "labels": [{"name": "parentSuite", "value": "tests"}, {"name": "suite", "value": "test_order_page"}, {"name": "subSuite", "value": "TestOrderPage"}, {"name": "host", "value": "01ms32"}, {"name": "thread", "value": "14304-MainThread"}, {"name": "framework", "value": "pytest"}, {"name": "language", "value": "cpython3"}, {"name": "package", "value": "tests.test_order_page"}]}